{"numTotalTestSuites":107,"numPassedTestSuites":24,"numFailedTestSuites":83,"numPendingTestSuites":0,"numTotalTests":176,"numPassedTests":53,"numFailedTests":123,"numPendingTests":0,"numTodoTests":0,"snapshot":{"added":0,"failure":false,"filesAdded":0,"filesRemoved":0,"filesRemovedList":[],"filesUnmatched":0,"filesUpdated":0,"matched":0,"total":0,"unchecked":0,"uncheckedKeysByFile":[],"unmatched":0,"updated":0,"didUpdate":false},"startTime":1755070689222,"success":false,"testResults":[{"assertionResults":[{"ancestorTitles":["get_user_location - Database Function Unit Tests (Optimized)","Valid Input Equivalence Classes"],"fullName":"get_user_location - Database Function Unit Tests (Optimized) Valid Input Equivalence Classes retrieves location data for user with complete location info","status":"failed","title":"retrieves location data for user with complete location info","duration":4.888042000000041,"failureMessages":["TypeError: testSupabase.from(...).select(...).limit is not a function\n    at Module.ensureTestJobTypes (/Users/WongKang/Documents/esc_project/optistaff-main/src/test-setup.ts:208:6)\n    at /Users/WongKang/Documents/esc_project/optistaff-main/tests/integration/get-user-location.test.ts:19:11\n    at processTicksAndRejections (node:internal/process/task_queues:105:5)"],"meta":{}},{"ancestorTitles":["get_user_location - Database Function Unit Tests (Optimized)","Valid Input Equivalence Classes"],"fullName":"get_user_location - Database Function Unit Tests (Optimized) Valid Input Equivalence Classes retrieves location data for user with partial location info (postal code only)","status":"failed","title":"retrieves location data for user with partial location info (postal code only)","duration":0.5380410000000211,"failureMessages":["TypeError: testSupabase.from(...).select(...).limit is not a function\n    at Module.ensureTestJobTypes (/Users/WongKang/Documents/esc_project/optistaff-main/src/test-setup.ts:208:6)\n    at /Users/WongKang/Documents/esc_project/optistaff-main/tests/integration/get-user-location.test.ts:19:11\n    at processTicksAndRejections (node:internal/process/task_queues:105:5)"],"meta":{}},{"ancestorTitles":["get_user_location - Database Function Unit Tests (Optimized)","Valid Input Equivalence Classes"],"fullName":"get_user_location - Database Function Unit Tests (Optimized) Valid Input Equivalence Classes retrieves location data for user with address but no coordinates","status":"failed","title":"retrieves location data for user with address but no coordinates","duration":0.40408400000001166,"failureMessages":["TypeError: testSupabase.from(...).select(...).limit is not a function\n    at Module.ensureTestJobTypes (/Users/WongKang/Documents/esc_project/optistaff-main/src/test-setup.ts:208:6)\n    at /Users/WongKang/Documents/esc_project/optistaff-main/tests/integration/get-user-location.test.ts:19:11\n    at processTicksAndRejections (node:internal/process/task_queues:105:5)"],"meta":{}},{"ancestorTitles":["get_user_location - Database Function Unit Tests (Optimized)","Valid Input Equivalence Classes"],"fullName":"get_user_location - Database Function Unit Tests (Optimized) Valid Input Equivalence Classes retrieves location data with all fields null","status":"failed","title":"retrieves location data with all fields null","duration":0.400916000000052,"failureMessages":["TypeError: testSupabase.from(...).select(...).limit is not a function\n    at Module.ensureTestJobTypes (/Users/WongKang/Documents/esc_project/optistaff-main/src/test-setup.ts:208:6)\n    at /Users/WongKang/Documents/esc_project/optistaff-main/tests/integration/get-user-location.test.ts:19:11\n    at processTicksAndRejections (node:internal/process/task_queues:105:5)"],"meta":{}},{"ancestorTitles":["get_user_location - Database Function Unit Tests (Optimized)","Invalid Input Equivalence Classes"],"fullName":"get_user_location - Database Function Unit Tests (Optimized) Invalid Input Equivalence Classes returns empty result for non-existent user","status":"failed","title":"returns empty result for non-existent user","duration":0.3966249999999718,"failureMessages":["TypeError: testSupabase.from(...).select(...).limit is not a function\n    at Module.ensureTestJobTypes (/Users/WongKang/Documents/esc_project/optistaff-main/src/test-setup.ts:208:6)\n    at /Users/WongKang/Documents/esc_project/optistaff-main/tests/integration/get-user-location.test.ts:19:11\n    at processTicksAndRejections (node:internal/process/task_queues:105:5)"],"meta":{}},{"ancestorTitles":["get_user_location - Database Function Unit Tests (Optimized)","Invalid Input Equivalence Classes"],"fullName":"get_user_location - Database Function Unit Tests (Optimized) Invalid Input Equivalence Classes handles null user_id gracefully","status":"failed","title":"handles null user_id gracefully","duration":0.3312499999999545,"failureMessages":["TypeError: testSupabase.from(...).select(...).limit is not a function\n    at Module.ensureTestJobTypes (/Users/WongKang/Documents/esc_project/optistaff-main/src/test-setup.ts:208:6)\n    at /Users/WongKang/Documents/esc_project/optistaff-main/tests/integration/get-user-location.test.ts:19:11\n    at processTicksAndRejections (node:internal/process/task_queues:105:5)"],"meta":{}},{"ancestorTitles":["get_user_location - Database Function Unit Tests (Optimized)","Invalid Input Equivalence Classes"],"fullName":"get_user_location - Database Function Unit Tests (Optimized) Invalid Input Equivalence Classes handles invalid UUID format","status":"failed","title":"handles invalid UUID format","duration":0.35458300000004783,"failureMessages":["TypeError: testSupabase.from(...).select(...).limit is not a function\n    at Module.ensureTestJobTypes (/Users/WongKang/Documents/esc_project/optistaff-main/src/test-setup.ts:208:6)\n    at /Users/WongKang/Documents/esc_project/optistaff-main/tests/integration/get-user-location.test.ts:19:11\n    at processTicksAndRejections (node:internal/process/task_queues:105:5)"],"meta":{}},{"ancestorTitles":["get_user_location - Database Function Unit Tests (Optimized)","Coordinate Parsing Tests"],"fullName":"get_user_location - Database Function Unit Tests (Optimized) Coordinate Parsing Tests handles valid coordinate string","status":"failed","title":"handles valid coordinate string","duration":0.3316660000000411,"failureMessages":["TypeError: testSupabase.from(...).select(...).limit is not a function\n    at Module.ensureTestJobTypes (/Users/WongKang/Documents/esc_project/optistaff-main/src/test-setup.ts:208:6)\n    at /Users/WongKang/Documents/esc_project/optistaff-main/tests/integration/get-user-location.test.ts:19:11\n    at processTicksAndRejections (node:internal/process/task_queues:105:5)"],"meta":{}},{"ancestorTitles":["get_user_location - Database Function Unit Tests (Optimized)","Coordinate Parsing Tests"],"fullName":"get_user_location - Database Function Unit Tests (Optimized) Coordinate Parsing Tests handles coordinate string with negative values","status":"failed","title":"handles coordinate string with negative values","duration":0.34637499999996635,"failureMessages":["TypeError: testSupabase.from(...).select(...).limit is not a function\n    at Module.ensureTestJobTypes (/Users/WongKang/Documents/esc_project/optistaff-main/src/test-setup.ts:208:6)\n    at /Users/WongKang/Documents/esc_project/optistaff-main/tests/integration/get-user-location.test.ts:19:11\n    at processTicksAndRejections (node:internal/process/task_queues:105:5)"],"meta":{}},{"ancestorTitles":["get_user_location - Database Function Unit Tests (Optimized)","Coordinate Parsing Tests"],"fullName":"get_user_location - Database Function Unit Tests (Optimized) Coordinate Parsing Tests handles coordinate string with missing comma","status":"failed","title":"handles coordinate string with missing comma","duration":0.43020899999999074,"failureMessages":["TypeError: testSupabase.from(...).select(...).limit is not a function\n    at Module.ensureTestJobTypes (/Users/WongKang/Documents/esc_project/optistaff-main/src/test-setup.ts:208:6)\n    at /Users/WongKang/Documents/esc_project/optistaff-main/tests/integration/get-user-location.test.ts:19:11\n    at processTicksAndRejections (node:internal/process/task_queues:105:5)"],"meta":{}},{"ancestorTitles":["get_user_location - Database Function Unit Tests (Optimized)","Address Formatting Tests"],"fullName":"get_user_location - Database Function Unit Tests (Optimized) Address Formatting Tests handles address only (no postal code)","status":"failed","title":"handles address only (no postal code)","duration":0.34645799999998417,"failureMessages":["TypeError: testSupabase.from(...).select(...).limit is not a function\n    at Module.ensureTestJobTypes (/Users/WongKang/Documents/esc_project/optistaff-main/src/test-setup.ts:208:6)\n    at /Users/WongKang/Documents/esc_project/optistaff-main/tests/integration/get-user-location.test.ts:19:11\n    at processTicksAndRejections (node:internal/process/task_queues:105:5)"],"meta":{}},{"ancestorTitles":["get_user_location - Database Function Unit Tests (Optimized)","Performance Tests"],"fullName":"get_user_location - Database Function Unit Tests (Optimized) Performance Tests handles multiple concurrent requests for same user","status":"failed","title":"handles multiple concurrent requests for same user","duration":0.3267080000000533,"failureMessages":["TypeError: testSupabase.from(...).select(...).limit is not a function\n    at Module.ensureTestJobTypes (/Users/WongKang/Documents/esc_project/optistaff-main/src/test-setup.ts:208:6)\n    at /Users/WongKang/Documents/esc_project/optistaff-main/tests/integration/get-user-location.test.ts:19:11\n    at processTicksAndRejections (node:internal/process/task_queues:105:5)"],"meta":{}}],"startTime":1755070691565,"endTime":1755070691574.4302,"status":"failed","message":"","name":"/Users/WongKang/Documents/esc_project/optistaff-main/tests/integration/get-user-location.test.ts"},{"assertionResults":[{"ancestorTitles":["upsert_user_preferences - Database Function Unit Tests","Basic Function Tests"],"fullName":"upsert_user_preferences - Database Function Unit Tests Basic Function Tests creates new preferences successfully","status":"failed","title":"creates new preferences successfully","duration":5.4401659999999765,"failureMessages":["TypeError: testSupabase.from(...).select(...).limit is not a function\n    at Module.ensureTestJobTypes (/Users/WongKang/Documents/esc_project/optistaff-main/src/test-setup.ts:208:6)\n    at /Users/WongKang/Documents/esc_project/optistaff-main/tests/integration/upsert-user-preferences.test.ts:19:11\n    at processTicksAndRejections (node:internal/process/task_queues:105:5)"],"meta":{}},{"ancestorTitles":["upsert_user_preferences - Database Function Unit Tests","Basic Function Tests"],"fullName":"upsert_user_preferences - Database Function Unit Tests Basic Function Tests updates existing preferences","status":"failed","title":"updates existing preferences","duration":0.6918329999999742,"failureMessages":["TypeError: testSupabase.from(...).select(...).limit is not a function\n    at Module.ensureTestJobTypes (/Users/WongKang/Documents/esc_project/optistaff-main/src/test-setup.ts:208:6)\n    at /Users/WongKang/Documents/esc_project/optistaff-main/tests/integration/upsert-user-preferences.test.ts:19:11\n    at processTicksAndRejections (node:internal/process/task_queues:105:5)"],"meta":{}},{"ancestorTitles":["upsert_user_preferences - Database Function Unit Tests","Basic Function Tests"],"fullName":"upsert_user_preferences - Database Function Unit Tests Basic Function Tests validates empty desired_roles","status":"failed","title":"validates empty desired_roles","duration":0.49337500000001455,"failureMessages":["TypeError: testSupabase.from(...).select(...).limit is not a function\n    at Module.ensureTestJobTypes (/Users/WongKang/Documents/esc_project/optistaff-main/src/test-setup.ts:208:6)\n    at /Users/WongKang/Documents/esc_project/optistaff-main/tests/integration/upsert-user-preferences.test.ts:19:11\n    at processTicksAndRejections (node:internal/process/task_queues:105:5)"],"meta":{}},{"ancestorTitles":["upsert_user_preferences - Database Function Unit Tests","Basic Function Tests"],"fullName":"upsert_user_preferences - Database Function Unit Tests Basic Function Tests validates non-existent job names","status":"failed","title":"validates non-existent job names","duration":0.7790410000000065,"failureMessages":["TypeError: testSupabase.from(...).select(...).limit is not a function\n    at Module.ensureTestJobTypes (/Users/WongKang/Documents/esc_project/optistaff-main/src/test-setup.ts:208:6)\n    at /Users/WongKang/Documents/esc_project/optistaff-main/tests/integration/upsert-user-preferences.test.ts:19:11\n    at processTicksAndRejections (node:internal/process/task_queues:105:5)"],"meta":{}},{"ancestorTitles":["upsert_user_preferences - Database Function Unit Tests","Edge Cases"],"fullName":"upsert_user_preferences - Database Function Unit Tests Edge Cases handles invalid UUID format","status":"failed","title":"handles invalid UUID format","duration":0.5498330000000351,"failureMessages":["TypeError: testSupabase.from(...).select(...).limit is not a function\n    at Module.ensureTestJobTypes (/Users/WongKang/Documents/esc_project/optistaff-main/src/test-setup.ts:208:6)\n    at /Users/WongKang/Documents/esc_project/optistaff-main/tests/integration/upsert-user-preferences.test.ts:19:11\n    at processTicksAndRejections (node:internal/process/task_queues:105:5)"],"meta":{}},{"ancestorTitles":["upsert_user_preferences - Database Function Unit Tests","Edge Cases"],"fullName":"upsert_user_preferences - Database Function Unit Tests Edge Cases handles concurrent upsert operations","status":"failed","title":"handles concurrent upsert operations","duration":0.4650420000000395,"failureMessages":["TypeError: testSupabase.from(...).select(...).limit is not a function\n    at Module.ensureTestJobTypes (/Users/WongKang/Documents/esc_project/optistaff-main/src/test-setup.ts:208:6)\n    at /Users/WongKang/Documents/esc_project/optistaff-main/tests/integration/upsert-user-preferences.test.ts:19:11\n    at processTicksAndRejections (node:internal/process/task_queues:105:5)"],"meta":{}}],"startTime":1755070692956,"endTime":1755070692965.465,"status":"failed","message":"","name":"/Users/WongKang/Documents/esc_project/optistaff-main/tests/integration/upsert-user-preferences.test.ts"},{"assertionResults":[{"ancestorTitles":["useAssignments hook - Equivalence Class Testing","Valid assignment status classes"],"fullName":"useAssignments hook - Equivalence Class Testing Valid assignment status classes fetches assignments with CONFIRMED status","status":"failed","title":"fetches assignments with CONFIRMED status","duration":10.298833000000059,"failureMessages":["TypeError: Cannot read properties of undefined (reading 'createUser')\n    at Module.createTestJobSeeker (/Users/WongKang/Documents/esc_project/optistaff-main/src/test-setup.ts:89:40)\n    at /Users/WongKang/Documents/esc_project/optistaff-main/tests/integration/useAssignments.test.tsx:38:33\n    at file:///Users/WongKang/Documents/esc_project/optistaff-main/node_modules/@vitest/runner/dist/chunk-hooks.js:155:11\n    at file:///Users/WongKang/Documents/esc_project/optistaff-main/node_modules/@vitest/runner/dist/chunk-hooks.js:752:26\n    at file:///Users/WongKang/Documents/esc_project/optistaff-main/node_modules/@vitest/runner/dist/chunk-hooks.js:1897:20\n    at new Promise (<anonymous>)\n    at runWithTimeout (file:///Users/WongKang/Documents/esc_project/optistaff-main/node_modules/@vitest/runner/dist/chunk-hooks.js:1863:10)\n    at runTest (file:///Users/WongKang/Documents/esc_project/optistaff-main/node_modules/@vitest/runner/dist/chunk-hooks.js:1574:12)\n    at processTicksAndRejections (node:internal/process/task_queues:105:5)\n    at runSuite (file:///Users/WongKang/Documents/esc_project/optistaff-main/node_modules/@vitest/runner/dist/chunk-hooks.js:1729:8)"],"meta":{}},{"ancestorTitles":["useAssignments hook - Equivalence Class Testing","Valid assignment status classes"],"fullName":"useAssignments hook - Equivalence Class Testing Valid assignment status classes fetches assignments with CANCELLED_BY_USER status","status":"failed","title":"fetches assignments with CANCELLED_BY_USER status","duration":0.27366699999993216,"failureMessages":["TypeError: Cannot read properties of undefined (reading 'createUser')\n    at Module.createTestJobSeeker (/Users/WongKang/Documents/esc_project/optistaff-main/src/test-setup.ts:89:40)\n    at /Users/WongKang/Documents/esc_project/optistaff-main/tests/integration/useAssignments.test.tsx:38:33\n    at file:///Users/WongKang/Documents/esc_project/optistaff-main/node_modules/@vitest/runner/dist/chunk-hooks.js:155:11\n    at file:///Users/WongKang/Documents/esc_project/optistaff-main/node_modules/@vitest/runner/dist/chunk-hooks.js:752:26\n    at file:///Users/WongKang/Documents/esc_project/optistaff-main/node_modules/@vitest/runner/dist/chunk-hooks.js:1897:20\n    at new Promise (<anonymous>)\n    at runWithTimeout (file:///Users/WongKang/Documents/esc_project/optistaff-main/node_modules/@vitest/runner/dist/chunk-hooks.js:1863:10)\n    at runTest (file:///Users/WongKang/Documents/esc_project/optistaff-main/node_modules/@vitest/runner/dist/chunk-hooks.js:1574:12)\n    at processTicksAndRejections (node:internal/process/task_queues:105:5)\n    at runSuite (file:///Users/WongKang/Documents/esc_project/optistaff-main/node_modules/@vitest/runner/dist/chunk-hooks.js:1729:8)"],"meta":{}},{"ancestorTitles":["useAssignments hook - Equivalence Class Testing","Valid assignment status classes"],"fullName":"useAssignments hook - Equivalence Class Testing Valid assignment status classes fetches assignments with NO_SHOW status","status":"failed","title":"fetches assignments with NO_SHOW status","duration":0.17562500000008185,"failureMessages":["TypeError: Cannot read properties of undefined (reading 'createUser')\n    at Module.createTestJobSeeker (/Users/WongKang/Documents/esc_project/optistaff-main/src/test-setup.ts:89:40)\n    at /Users/WongKang/Documents/esc_project/optistaff-main/tests/integration/useAssignments.test.tsx:38:33\n    at file:///Users/WongKang/Documents/esc_project/optistaff-main/node_modules/@vitest/runner/dist/chunk-hooks.js:155:11\n    at file:///Users/WongKang/Documents/esc_project/optistaff-main/node_modules/@vitest/runner/dist/chunk-hooks.js:752:26\n    at file:///Users/WongKang/Documents/esc_project/optistaff-main/node_modules/@vitest/runner/dist/chunk-hooks.js:1897:20\n    at new Promise (<anonymous>)\n    at runWithTimeout (file:///Users/WongKang/Documents/esc_project/optistaff-main/node_modules/@vitest/runner/dist/chunk-hooks.js:1863:10)\n    at runTest (file:///Users/WongKang/Documents/esc_project/optistaff-main/node_modules/@vitest/runner/dist/chunk-hooks.js:1574:12)\n    at processTicksAndRejections (node:internal/process/task_queues:105:5)\n    at runSuite (file:///Users/WongKang/Documents/esc_project/optistaff-main/node_modules/@vitest/runner/dist/chunk-hooks.js:1729:8)"],"meta":{}},{"ancestorTitles":["useAssignments hook - Equivalence Class Testing","Valid assignment status classes"],"fullName":"useAssignments hook - Equivalence Class Testing Valid assignment status classes fetches assignments with COMPLETED status","status":"failed","title":"fetches assignments with COMPLETED status","duration":0.15204100000005383,"failureMessages":["TypeError: Cannot read properties of undefined (reading 'createUser')\n    at Module.createTestJobSeeker (/Users/WongKang/Documents/esc_project/optistaff-main/src/test-setup.ts:89:40)\n    at /Users/WongKang/Documents/esc_project/optistaff-main/tests/integration/useAssignments.test.tsx:38:33\n    at file:///Users/WongKang/Documents/esc_project/optistaff-main/node_modules/@vitest/runner/dist/chunk-hooks.js:155:11\n    at file:///Users/WongKang/Documents/esc_project/optistaff-main/node_modules/@vitest/runner/dist/chunk-hooks.js:752:26\n    at file:///Users/WongKang/Documents/esc_project/optistaff-main/node_modules/@vitest/runner/dist/chunk-hooks.js:1897:20\n    at new Promise (<anonymous>)\n    at runWithTimeout (file:///Users/WongKang/Documents/esc_project/optistaff-main/node_modules/@vitest/runner/dist/chunk-hooks.js:1863:10)\n    at runTest (file:///Users/WongKang/Documents/esc_project/optistaff-main/node_modules/@vitest/runner/dist/chunk-hooks.js:1574:12)\n    at processTicksAndRejections (node:internal/process/task_queues:105:5)\n    at runSuite (file:///Users/WongKang/Documents/esc_project/optistaff-main/node_modules/@vitest/runner/dist/chunk-hooks.js:1729:8)"],"meta":{}},{"ancestorTitles":["useAssignments hook - Equivalence Class Testing"],"fullName":"useAssignments hook - Equivalence Class Testing handles empty assignment list","status":"failed","title":"handles empty assignment list","duration":0.19441700000004403,"failureMessages":["TypeError: Cannot read properties of undefined (reading 'createUser')\n    at Module.createTestJobSeeker (/Users/WongKang/Documents/esc_project/optistaff-main/src/test-setup.ts:89:40)\n    at /Users/WongKang/Documents/esc_project/optistaff-main/tests/integration/useAssignments.test.tsx:63:29\n    at file:///Users/WongKang/Documents/esc_project/optistaff-main/node_modules/@vitest/runner/dist/chunk-hooks.js:155:11\n    at file:///Users/WongKang/Documents/esc_project/optistaff-main/node_modules/@vitest/runner/dist/chunk-hooks.js:752:26\n    at file:///Users/WongKang/Documents/esc_project/optistaff-main/node_modules/@vitest/runner/dist/chunk-hooks.js:1897:20\n    at new Promise (<anonymous>)\n    at runWithTimeout (file:///Users/WongKang/Documents/esc_project/optistaff-main/node_modules/@vitest/runner/dist/chunk-hooks.js:1863:10)\n    at runTest (file:///Users/WongKang/Documents/esc_project/optistaff-main/node_modules/@vitest/runner/dist/chunk-hooks.js:1574:12)\n    at processTicksAndRejections (node:internal/process/task_queues:105:5)\n    at runSuite (file:///Users/WongKang/Documents/esc_project/optistaff-main/node_modules/@vitest/runner/dist/chunk-hooks.js:1729:8)"],"meta":{}},{"ancestorTitles":["useAssignments hook - Equivalence Class Testing"],"fullName":"useAssignments hook - Equivalence Class Testing updates assignment status successfully","status":"failed","title":"updates assignment status successfully","duration":0.1868329999999787,"failureMessages":["TypeError: Cannot read properties of undefined (reading 'createUser')\n    at Module.createTestJobSeeker (/Users/WongKang/Documents/esc_project/optistaff-main/src/test-setup.ts:89:40)\n    at /Users/WongKang/Documents/esc_project/optistaff-main/tests/integration/useAssignments.test.tsx:80:29\n    at file:///Users/WongKang/Documents/esc_project/optistaff-main/node_modules/@vitest/runner/dist/chunk-hooks.js:155:11\n    at file:///Users/WongKang/Documents/esc_project/optistaff-main/node_modules/@vitest/runner/dist/chunk-hooks.js:752:26\n    at file:///Users/WongKang/Documents/esc_project/optistaff-main/node_modules/@vitest/runner/dist/chunk-hooks.js:1897:20\n    at new Promise (<anonymous>)\n    at runWithTimeout (file:///Users/WongKang/Documents/esc_project/optistaff-main/node_modules/@vitest/runner/dist/chunk-hooks.js:1863:10)\n    at runTest (file:///Users/WongKang/Documents/esc_project/optistaff-main/node_modules/@vitest/runner/dist/chunk-hooks.js:1574:12)\n    at processTicksAndRejections (node:internal/process/task_queues:105:5)\n    at runSuite (file:///Users/WongKang/Documents/esc_project/optistaff-main/node_modules/@vitest/runner/dist/chunk-hooks.js:1729:8)"],"meta":{}}],"startTime":1755070693743,"endTime":1755070693754.1943,"status":"failed","message":"","name":"/Users/WongKang/Documents/esc_project/optistaff-main/tests/integration/useAssignments.test.tsx"},{"assertionResults":[{"ancestorTitles":["usePayouts Hook - True Integration Tests","Database RPC Function Tests"],"fullName":"usePayouts Hook - True Integration Tests Database RPC Function Tests get_user_total_earnings returns 0 for user with no payouts","status":"failed","title":"get_user_total_earnings returns 0 for user with no payouts","duration":5.412999999999897,"failureMessages":["TypeError: testSupabase.from(...).select(...).in is not a function\n    at Module.ensureTestStatuses (/Users/WongKang/Documents/esc_project/optistaff-main/src/test-setup.ts:176:6)\n    at /Users/WongKang/Documents/esc_project/optistaff-main/tests/integration/usePayouts-hooks.test.ts:39:11\n    at processTicksAndRejections (node:internal/process/task_queues:105:5)"],"meta":{}},{"ancestorTitles":["usePayouts Hook - True Integration Tests","Database RPC Function Tests"],"fullName":"usePayouts Hook - True Integration Tests Database RPC Function Tests get_user_total_earnings only includes user's own payouts","status":"failed","title":"get_user_total_earnings only includes user's own payouts","duration":0.5409160000000384,"failureMessages":["TypeError: testSupabase.from(...).select(...).in is not a function\n    at Module.ensureTestStatuses (/Users/WongKang/Documents/esc_project/optistaff-main/src/test-setup.ts:176:6)\n    at /Users/WongKang/Documents/esc_project/optistaff-main/tests/integration/usePayouts-hooks.test.ts:39:11\n    at processTicksAndRejections (node:internal/process/task_queues:105:5)"],"meta":{}},{"ancestorTitles":["usePayouts Hook - True Integration Tests","usePayouts Hook Integration"],"fullName":"usePayouts Hook - True Integration Tests usePayouts Hook Integration hook updates when user changes","status":"failed","title":"hook updates when user changes","duration":0.4663749999999709,"failureMessages":["TypeError: testSupabase.from(...).select(...).in is not a function\n    at Module.ensureTestStatuses (/Users/WongKang/Documents/esc_project/optistaff-main/src/test-setup.ts:176:6)\n    at /Users/WongKang/Documents/esc_project/optistaff-main/tests/integration/usePayouts-hooks.test.ts:39:11\n    at processTicksAndRejections (node:internal/process/task_queues:105:5)"],"meta":{}},{"ancestorTitles":["usePayouts Hook - True Integration Tests","usePayouts Hook Integration"],"fullName":"usePayouts Hook - True Integration Tests usePayouts Hook Integration hook allows manual refetch with live data","status":"failed","title":"hook allows manual refetch with live data","duration":0.5072920000000067,"failureMessages":["TypeError: testSupabase.from(...).select(...).in is not a function\n    at Module.ensureTestStatuses (/Users/WongKang/Documents/esc_project/optistaff-main/src/test-setup.ts:176:6)\n    at /Users/WongKang/Documents/esc_project/optistaff-main/tests/integration/usePayouts-hooks.test.ts:39:11\n    at processTicksAndRejections (node:internal/process/task_queues:105:5)"],"meta":{}}],"startTime":1755070693229,"endTime":1755070693235.5073,"status":"failed","message":"","name":"/Users/WongKang/Documents/esc_project/optistaff-main/tests/integration/usePayouts-hooks.test.ts"},{"assertionResults":[],"startTime":1755070689222,"endTime":1755070689222,"status":"failed","message":"[vitest] There was an error when mocking a module. If you are using \"vi.mock\" factory, make sure there are no top level variables inside, since this call is hoisted to top of the file. Read more: https://vitest.dev/api/vi.html#vi-mock","name":"/Users/WongKang/Documents/esc_project/optistaff-main/tests/integration/usePreferences-hooks.test.ts"},{"assertionResults":[{"ancestorTitles":["usePreferences Hook - Integration Tests","fetchPreferences - Equivalence Class Testing"],"fullName":"usePreferences Hook - Integration Tests fetchPreferences - Equivalence Class Testing fetches existing preferences successfully","status":"failed","title":"fetches existing preferences successfully","duration":5.411540999999943,"failureMessages":["TypeError: Cannot read properties of undefined (reading 'createUser')\n    at /Users/WongKang/Documents/esc_project/optistaff-main/tests/integration/usePreferences.test.tsx:48:35\n    at processTicksAndRejections (node:internal/process/task_queues:105:5)"],"meta":{}},{"ancestorTitles":["usePreferences Hook - Integration Tests","fetchPreferences - Equivalence Class Testing"],"fullName":"usePreferences Hook - Integration Tests fetchPreferences - Equivalence Class Testing creates default preferences when none exist","status":"failed","title":"creates default preferences when none exist","duration":0.4576249999998936,"failureMessages":["TypeError: Cannot read properties of undefined (reading 'createUser')\n    at /Users/WongKang/Documents/esc_project/optistaff-main/tests/integration/usePreferences.test.tsx:48:35\n    at processTicksAndRejections (node:internal/process/task_queues:105:5)"],"meta":{}},{"ancestorTitles":["usePreferences Hook - Integration Tests","fetchPreferences - Equivalence Class Testing"],"fullName":"usePreferences Hook - Integration Tests fetchPreferences - Equivalence Class Testing handles database error gracefully","status":"failed","title":"handles database error gracefully","duration":0.8692500000000791,"failureMessages":["TypeError: Cannot read properties of undefined (reading 'createUser')\n    at /Users/WongKang/Documents/esc_project/optistaff-main/tests/integration/usePreferences.test.tsx:48:35\n    at processTicksAndRejections (node:internal/process/task_queues:105:5)"],"meta":{}},{"ancestorTitles":["usePreferences Hook - Integration Tests","savePreferences - Boundary Value Testing"],"fullName":"usePreferences Hook - Integration Tests savePreferences - Boundary Value Testing saves preferences with minimum valid values","status":"failed","title":"saves preferences with minimum valid values","duration":0.3784170000000131,"failureMessages":["TypeError: Cannot read properties of undefined (reading 'createUser')\n    at /Users/WongKang/Documents/esc_project/optistaff-main/tests/integration/usePreferences.test.tsx:48:35\n    at processTicksAndRejections (node:internal/process/task_queues:105:5)"],"meta":{}},{"ancestorTitles":["usePreferences Hook - Integration Tests","savePreferences - Boundary Value Testing"],"fullName":"usePreferences Hook - Integration Tests savePreferences - Boundary Value Testing saves preferences with maximum valid values","status":"failed","title":"saves preferences with maximum valid values","duration":0.3408750000000964,"failureMessages":["TypeError: Cannot read properties of undefined (reading 'createUser')\n    at /Users/WongKang/Documents/esc_project/optistaff-main/tests/integration/usePreferences.test.tsx:48:35\n    at processTicksAndRejections (node:internal/process/task_queues:105:5)"],"meta":{}},{"ancestorTitles":["usePreferences Hook - Integration Tests","savePreferences - Boundary Value Testing"],"fullName":"usePreferences Hook - Integration Tests savePreferences - Boundary Value Testing rejects invalid job names","status":"failed","title":"rejects invalid job names","duration":0.252083999999968,"failureMessages":["TypeError: Cannot read properties of undefined (reading 'createUser')\n    at /Users/WongKang/Documents/esc_project/optistaff-main/tests/integration/usePreferences.test.tsx:48:35\n    at processTicksAndRejections (node:internal/process/task_queues:105:5)"],"meta":{}},{"ancestorTitles":["usePreferences Hook - Integration Tests","savePreferences - Boundary Value Testing"],"fullName":"usePreferences Hook - Integration Tests savePreferences - Boundary Value Testing validates hours per week boundary (over 44 hours)","status":"failed","title":"validates hours per week boundary (over 44 hours)","duration":0.24787500000002183,"failureMessages":["TypeError: Cannot read properties of undefined (reading 'createUser')\n    at /Users/WongKang/Documents/esc_project/optistaff-main/tests/integration/usePreferences.test.tsx:48:35\n    at processTicksAndRejections (node:internal/process/task_queues:105:5)"],"meta":{}},{"ancestorTitles":["usePreferences Hook - Integration Tests","updatePreferences - Decision Table Testing"],"fullName":"usePreferences Hook - Integration Tests updatePreferences - Decision Table Testing updates single field (pay rate)","status":"failed","title":"updates single field (pay rate)","duration":0.25787500000001273,"failureMessages":["TypeError: Cannot read properties of undefined (reading 'createUser')\n    at /Users/WongKang/Documents/esc_project/optistaff-main/tests/integration/usePreferences.test.tsx:48:35\n    at processTicksAndRejections (node:internal/process/task_queues:105:5)"],"meta":{}},{"ancestorTitles":["usePreferences Hook - Integration Tests","updatePreferences - Decision Table Testing"],"fullName":"usePreferences Hook - Integration Tests updatePreferences - Decision Table Testing updates multiple fields","status":"failed","title":"updates multiple fields","duration":0.31379100000003746,"failureMessages":["TypeError: Cannot read properties of undefined (reading 'createUser')\n    at /Users/WongKang/Documents/esc_project/optistaff-main/tests/integration/usePreferences.test.tsx:48:35\n    at processTicksAndRejections (node:internal/process/task_queues:105:5)"],"meta":{}},{"ancestorTitles":["usePreferences Hook - Integration Tests","updatePreferences - Decision Table Testing"],"fullName":"usePreferences Hook - Integration Tests updatePreferences - Decision Table Testing updates job preferences","status":"failed","title":"updates job preferences","duration":0.30862500000000637,"failureMessages":["TypeError: Cannot read properties of undefined (reading 'createUser')\n    at /Users/WongKang/Documents/esc_project/optistaff-main/tests/integration/usePreferences.test.tsx:48:35\n    at processTicksAndRejections (node:internal/process/task_queues:105:5)"],"meta":{}},{"ancestorTitles":["usePreferences Hook - Integration Tests","resetPreferences"],"fullName":"usePreferences Hook - Integration Tests resetPreferences resets preferences to default values","status":"failed","title":"resets preferences to default values","duration":0.26966700000002675,"failureMessages":["TypeError: Cannot read properties of undefined (reading 'createUser')\n    at /Users/WongKang/Documents/esc_project/optistaff-main/tests/integration/usePreferences.test.tsx:48:35\n    at processTicksAndRejections (node:internal/process/task_queues:105:5)"],"meta":{}},{"ancestorTitles":["usePreferences Hook - Integration Tests","Helper functions"],"fullName":"usePreferences Hook - Integration Tests Helper functions hasJobPreference returns correct boolean","status":"failed","title":"hasJobPreference returns correct boolean","duration":0.22737500000005184,"failureMessages":["TypeError: Cannot read properties of undefined (reading 'createUser')\n    at /Users/WongKang/Documents/esc_project/optistaff-main/tests/integration/usePreferences.test.tsx:48:35\n    at processTicksAndRejections (node:internal/process/task_queues:105:5)"],"meta":{}},{"ancestorTitles":["usePreferences Hook - Integration Tests","Helper functions"],"fullName":"usePreferences Hook - Integration Tests Helper functions getPreferredJobTypes returns correct array","status":"failed","title":"getPreferredJobTypes returns correct array","duration":0.23645799999997053,"failureMessages":["TypeError: Cannot read properties of undefined (reading 'createUser')\n    at /Users/WongKang/Documents/esc_project/optistaff-main/tests/integration/usePreferences.test.tsx:48:35\n    at processTicksAndRejections (node:internal/process/task_queues:105:5)"],"meta":{}},{"ancestorTitles":["usePreferences Hook - Integration Tests","Helper functions"],"fullName":"usePreferences Hook - Integration Tests Helper functions getFormData returns correct form structure","status":"failed","title":"getFormData returns correct form structure","duration":0.25204199999996035,"failureMessages":["TypeError: Cannot read properties of undefined (reading 'createUser')\n    at /Users/WongKang/Documents/esc_project/optistaff-main/tests/integration/usePreferences.test.tsx:48:35\n    at processTicksAndRejections (node:internal/process/task_queues:105:5)"],"meta":{}},{"ancestorTitles":["usePreferences Hook - Integration Tests","Location functionality"],"fullName":"usePreferences Hook - Integration Tests Location functionality loads location data from job_seekers table","status":"failed","title":"loads location data from job_seekers table","duration":0.21487500000000637,"failureMessages":["TypeError: Cannot read properties of undefined (reading 'createUser')\n    at /Users/WongKang/Documents/esc_project/optistaff-main/tests/integration/usePreferences.test.tsx:48:35\n    at processTicksAndRejections (node:internal/process/task_queues:105:5)"],"meta":{}},{"ancestorTitles":["usePreferences Hook - Integration Tests","Location functionality"],"fullName":"usePreferences Hook - Integration Tests Location functionality geocodes home location when coordinates missing","status":"failed","title":"geocodes home location when coordinates missing","duration":0.19866700000000037,"failureMessages":["TypeError: Cannot read properties of undefined (reading 'createUser')\n    at /Users/WongKang/Documents/esc_project/optistaff-main/tests/integration/usePreferences.test.tsx:48:35\n    at processTicksAndRejections (node:internal/process/task_queues:105:5)"],"meta":{}},{"ancestorTitles":["usePreferences Hook - Integration Tests","Location functionality"],"fullName":"usePreferences Hook - Integration Tests Location functionality handles invalid coordinates gracefully","status":"failed","title":"handles invalid coordinates gracefully","duration":0.19449999999994816,"failureMessages":["TypeError: Cannot read properties of undefined (reading 'createUser')\n    at /Users/WongKang/Documents/esc_project/optistaff-main/tests/integration/usePreferences.test.tsx:48:35\n    at processTicksAndRejections (node:internal/process/task_queues:105:5)"],"meta":{}}],"startTime":1755070692326,"endTime":1755070692336.2148,"status":"failed","message":"","name":"/Users/WongKang/Documents/esc_project/optistaff-main/tests/integration/usePreferences.test.tsx"},{"assertionResults":[{"ancestorTitles":["usePreferences Database Functions - Integration Workflow Tests","Complete User Preferences Lifecycle"],"fullName":"usePreferences Database Functions - Integration Workflow Tests Complete User Preferences Lifecycle new user workflow: create defaults → validate jobs → upsert preferences","status":"failed","title":"new user workflow: create defaults → validate jobs → upsert preferences","duration":6.223457999999937,"failureMessages":["TypeError: Cannot read properties of undefined (reading 'createUser')\n    at Module.createTestJobSeeker (/Users/WongKang/Documents/esc_project/optistaff-main/src/test-setup.ts:89:40)\n    at /Users/WongKang/Documents/esc_project/optistaff-main/tests/integration/usepreferences-workflow.test.ts:26:31\n    at file:///Users/WongKang/Documents/esc_project/optistaff-main/node_modules/@vitest/runner/dist/chunk-hooks.js:155:11\n    at file:///Users/WongKang/Documents/esc_project/optistaff-main/node_modules/@vitest/runner/dist/chunk-hooks.js:752:26\n    at file:///Users/WongKang/Documents/esc_project/optistaff-main/node_modules/@vitest/runner/dist/chunk-hooks.js:1897:20\n    at new Promise (<anonymous>)\n    at runWithTimeout (file:///Users/WongKang/Documents/esc_project/optistaff-main/node_modules/@vitest/runner/dist/chunk-hooks.js:1863:10)\n    at runTest (file:///Users/WongKang/Documents/esc_project/optistaff-main/node_modules/@vitest/runner/dist/chunk-hooks.js:1574:12)\n    at processTicksAndRejections (node:internal/process/task_queues:105:5)\n    at runSuite (file:///Users/WongKang/Documents/esc_project/optistaff-main/node_modules/@vitest/runner/dist/chunk-hooks.js:1729:8)"],"meta":{}},{"ancestorTitles":["usePreferences Database Functions - Integration Workflow Tests","Complete User Preferences Lifecycle"],"fullName":"usePreferences Database Functions - Integration Workflow Tests Complete User Preferences Lifecycle existing user workflow: fetch → validate → update preferences","status":"failed","title":"existing user workflow: fetch → validate → update preferences","duration":0.6425000000000409,"failureMessages":["TypeError: Cannot read properties of undefined (reading 'createUser')\n    at Module.createTestJobSeeker (/Users/WongKang/Documents/esc_project/optistaff-main/src/test-setup.ts:89:40)\n    at /Users/WongKang/Documents/esc_project/optistaff-main/tests/integration/usepreferences-workflow.test.ts:111:31\n    at file:///Users/WongKang/Documents/esc_project/optistaff-main/node_modules/@vitest/runner/dist/chunk-hooks.js:155:11\n    at file:///Users/WongKang/Documents/esc_project/optistaff-main/node_modules/@vitest/runner/dist/chunk-hooks.js:752:26\n    at file:///Users/WongKang/Documents/esc_project/optistaff-main/node_modules/@vitest/runner/dist/chunk-hooks.js:1897:20\n    at new Promise (<anonymous>)\n    at runWithTimeout (file:///Users/WongKang/Documents/esc_project/optistaff-main/node_modules/@vitest/runner/dist/chunk-hooks.js:1863:10)\n    at runTest (file:///Users/WongKang/Documents/esc_project/optistaff-main/node_modules/@vitest/runner/dist/chunk-hooks.js:1574:12)\n    at processTicksAndRejections (node:internal/process/task_queues:105:5)\n    at runSuite (file:///Users/WongKang/Documents/esc_project/optistaff-main/node_modules/@vitest/runner/dist/chunk-hooks.js:1729:8)"],"meta":{}},{"ancestorTitles":["usePreferences Database Functions - Integration Workflow Tests","Location and Preferences Integration"],"fullName":"usePreferences Database Functions - Integration Workflow Tests Location and Preferences Integration complete user setup: location + preferences workflow","status":"failed","title":"complete user setup: location + preferences workflow","duration":0.4874579999999469,"failureMessages":["TypeError: Cannot read properties of undefined (reading 'createUser')\n    at Module.createTestJobSeeker (/Users/WongKang/Documents/esc_project/optistaff-main/src/test-setup.ts:89:40)\n    at /Users/WongKang/Documents/esc_project/optistaff-main/tests/integration/usepreferences-workflow.test.ts:191:31\n    at file:///Users/WongKang/Documents/esc_project/optistaff-main/node_modules/@vitest/runner/dist/chunk-hooks.js:155:11\n    at file:///Users/WongKang/Documents/esc_project/optistaff-main/node_modules/@vitest/runner/dist/chunk-hooks.js:752:26\n    at file:///Users/WongKang/Documents/esc_project/optistaff-main/node_modules/@vitest/runner/dist/chunk-hooks.js:1897:20\n    at new Promise (<anonymous>)\n    at runWithTimeout (file:///Users/WongKang/Documents/esc_project/optistaff-main/node_modules/@vitest/runner/dist/chunk-hooks.js:1863:10)\n    at runTest (file:///Users/WongKang/Documents/esc_project/optistaff-main/node_modules/@vitest/runner/dist/chunk-hooks.js:1574:12)\n    at processTicksAndRejections (node:internal/process/task_queues:105:5)\n    at runSuite (file:///Users/WongKang/Documents/esc_project/optistaff-main/node_modules/@vitest/runner/dist/chunk-hooks.js:1729:8)"],"meta":{}},{"ancestorTitles":["usePreferences Database Functions - Integration Workflow Tests","Error Handling and Recovery Workflows"],"fullName":"usePreferences Database Functions - Integration Workflow Tests Error Handling and Recovery Workflows validation failure → retry with corrected data workflow","status":"failed","title":"validation failure → retry with corrected data workflow","duration":0.41508299999998144,"failureMessages":["TypeError: Cannot read properties of undefined (reading 'createUser')\n    at Module.createTestJobSeeker (/Users/WongKang/Documents/esc_project/optistaff-main/src/test-setup.ts:89:40)\n    at /Users/WongKang/Documents/esc_project/optistaff-main/tests/integration/usepreferences-workflow.test.ts:272:31\n    at file:///Users/WongKang/Documents/esc_project/optistaff-main/node_modules/@vitest/runner/dist/chunk-hooks.js:155:11\n    at file:///Users/WongKang/Documents/esc_project/optistaff-main/node_modules/@vitest/runner/dist/chunk-hooks.js:752:26\n    at file:///Users/WongKang/Documents/esc_project/optistaff-main/node_modules/@vitest/runner/dist/chunk-hooks.js:1897:20\n    at new Promise (<anonymous>)\n    at runWithTimeout (file:///Users/WongKang/Documents/esc_project/optistaff-main/node_modules/@vitest/runner/dist/chunk-hooks.js:1863:10)\n    at runTest (file:///Users/WongKang/Documents/esc_project/optistaff-main/node_modules/@vitest/runner/dist/chunk-hooks.js:1574:12)\n    at processTicksAndRejections (node:internal/process/task_queues:105:5)\n    at runSuite (file:///Users/WongKang/Documents/esc_project/optistaff-main/node_modules/@vitest/runner/dist/chunk-hooks.js:1729:8)"],"meta":{}},{"ancestorTitles":["usePreferences Database Functions - Integration Workflow Tests","Error Handling and Recovery Workflows"],"fullName":"usePreferences Database Functions - Integration Workflow Tests Error Handling and Recovery Workflows missing location → create preferences → add location later workflow","status":"failed","title":"missing location → create preferences → add location later workflow","duration":0.6391250000000355,"failureMessages":["TypeError: Cannot read properties of undefined (reading 'createUser')\n    at Module.createTestJobSeeker (/Users/WongKang/Documents/esc_project/optistaff-main/src/test-setup.ts:89:40)\n    at /Users/WongKang/Documents/esc_project/optistaff-main/tests/integration/usepreferences-workflow.test.ts:344:31\n    at file:///Users/WongKang/Documents/esc_project/optistaff-main/node_modules/@vitest/runner/dist/chunk-hooks.js:155:11\n    at file:///Users/WongKang/Documents/esc_project/optistaff-main/node_modules/@vitest/runner/dist/chunk-hooks.js:752:26\n    at file:///Users/WongKang/Documents/esc_project/optistaff-main/node_modules/@vitest/runner/dist/chunk-hooks.js:1897:20\n    at new Promise (<anonymous>)\n    at runWithTimeout (file:///Users/WongKang/Documents/esc_project/optistaff-main/node_modules/@vitest/runner/dist/chunk-hooks.js:1863:10)\n    at runTest (file:///Users/WongKang/Documents/esc_project/optistaff-main/node_modules/@vitest/runner/dist/chunk-hooks.js:1574:12)\n    at processTicksAndRejections (node:internal/process/task_queues:105:5)\n    at runSuite (file:///Users/WongKang/Documents/esc_project/optistaff-main/node_modules/@vitest/runner/dist/chunk-hooks.js:1729:8)"],"meta":{}},{"ancestorTitles":["usePreferences Database Functions - Integration Workflow Tests","Performance and Concurrency"],"fullName":"usePreferences Database Functions - Integration Workflow Tests Performance and Concurrency concurrent preference updates for same user","status":"failed","title":"concurrent preference updates for same user","duration":0.43937499999992724,"failureMessages":["TypeError: Cannot read properties of undefined (reading 'createUser')\n    at Module.createTestJobSeeker (/Users/WongKang/Documents/esc_project/optistaff-main/src/test-setup.ts:89:40)\n    at /Users/WongKang/Documents/esc_project/optistaff-main/tests/integration/usepreferences-workflow.test.ts:416:31\n    at file:///Users/WongKang/Documents/esc_project/optistaff-main/node_modules/@vitest/runner/dist/chunk-hooks.js:155:11\n    at file:///Users/WongKang/Documents/esc_project/optistaff-main/node_modules/@vitest/runner/dist/chunk-hooks.js:752:26\n    at file:///Users/WongKang/Documents/esc_project/optistaff-main/node_modules/@vitest/runner/dist/chunk-hooks.js:1897:20\n    at new Promise (<anonymous>)\n    at runWithTimeout (file:///Users/WongKang/Documents/esc_project/optistaff-main/node_modules/@vitest/runner/dist/chunk-hooks.js:1863:10)\n    at runTest (file:///Users/WongKang/Documents/esc_project/optistaff-main/node_modules/@vitest/runner/dist/chunk-hooks.js:1574:12)\n    at processTicksAndRejections (node:internal/process/task_queues:105:5)\n    at runSuite (file:///Users/WongKang/Documents/esc_project/optistaff-main/node_modules/@vitest/runner/dist/chunk-hooks.js:1729:8)"],"meta":{}},{"ancestorTitles":["usePreferences Database Functions - Integration Workflow Tests","Performance and Concurrency"],"fullName":"usePreferences Database Functions - Integration Workflow Tests Performance and Concurrency batch validation of multiple job names","status":"failed","title":"batch validation of multiple job names","duration":4.071249999999964,"failureMessages":["TypeError: Cannot read properties of null (reading 'category_id')\n    at /Users/WongKang/Documents/esc_project/optistaff-main/tests/integration/usepreferences-workflow.test.ts:511:33\n    at processTicksAndRejections (node:internal/process/task_queues:105:5)\n    at file:///Users/WongKang/Documents/esc_project/optistaff-main/node_modules/@vitest/runner/dist/chunk-hooks.js:752:20"],"meta":{}}],"startTime":1755070692325,"endTime":1755070692338.0713,"status":"failed","message":"","name":"/Users/WongKang/Documents/esc_project/optistaff-main/tests/integration/usepreferences-workflow.test.ts"},{"assertionResults":[{"ancestorTitles":["validate_job_names - Database Function Unit Tests (Optimized)","Core Boundary Values"],"fullName":"validate_job_names - Database Function Unit Tests (Optimized) Core Boundary Values validates empty array (minimum boundary)","status":"failed","title":"validates empty array (minimum boundary)","duration":7.903249999999957,"failureMessages":["TypeError: testSupabase.from(...).select(...).limit is not a function\n    at Module.ensureTestJobTypes (/Users/WongKang/Documents/esc_project/optistaff-main/src/test-setup.ts:208:6)\n    at /Users/WongKang/Documents/esc_project/optistaff-main/tests/integration/validate-job-names.test.ts:18:11\n    at processTicksAndRejections (node:internal/process/task_queues:105:5)"],"meta":{}},{"ancestorTitles":["validate_job_names - Database Function Unit Tests (Optimized)","Core Boundary Values"],"fullName":"validate_job_names - Database Function Unit Tests (Optimized) Core Boundary Values validates single job name (minimum+ boundary)","status":"failed","title":"validates single job name (minimum+ boundary)","duration":0.5337500000000546,"failureMessages":["TypeError: testSupabase.from(...).select(...).limit is not a function\n    at Module.ensureTestJobTypes (/Users/WongKang/Documents/esc_project/optistaff-main/src/test-setup.ts:208:6)\n    at /Users/WongKang/Documents/esc_project/optistaff-main/tests/integration/validate-job-names.test.ts:18:11\n    at processTicksAndRejections (node:internal/process/task_queues:105:5)"],"meta":{}},{"ancestorTitles":["validate_job_names - Database Function Unit Tests (Optimized)","Core Boundary Values"],"fullName":"validate_job_names - Database Function Unit Tests (Optimized) Core Boundary Values validates multiple job names (nominal boundary)","status":"failed","title":"validates multiple job names (nominal boundary)","duration":0.41762500000004366,"failureMessages":["TypeError: testSupabase.from(...).select(...).limit is not a function\n    at Module.ensureTestJobTypes (/Users/WongKang/Documents/esc_project/optistaff-main/src/test-setup.ts:208:6)\n    at /Users/WongKang/Documents/esc_project/optistaff-main/tests/integration/validate-job-names.test.ts:18:11\n    at processTicksAndRejections (node:internal/process/task_queues:105:5)"],"meta":{}},{"ancestorTitles":["validate_job_names - Database Function Unit Tests (Optimized)","Core Boundary Values"],"fullName":"validate_job_names - Database Function Unit Tests (Optimized) Core Boundary Values validates large array (maximum- boundary)","status":"failed","title":"validates large array (maximum- boundary)","duration":0.3638750000000073,"failureMessages":["TypeError: testSupabase.from(...).select(...).limit is not a function\n    at Module.ensureTestJobTypes (/Users/WongKang/Documents/esc_project/optistaff-main/src/test-setup.ts:208:6)\n    at /Users/WongKang/Documents/esc_project/optistaff-main/tests/integration/validate-job-names.test.ts:18:11\n    at processTicksAndRejections (node:internal/process/task_queues:105:5)"],"meta":{}},{"ancestorTitles":["validate_job_names - Database Function Unit Tests (Optimized)","Core Boundary Values"],"fullName":"validate_job_names - Database Function Unit Tests (Optimized) Core Boundary Values rejects mix of valid and invalid job names (boundary case)","status":"failed","title":"rejects mix of valid and invalid job names (boundary case)","duration":0.3673750000000382,"failureMessages":["TypeError: testSupabase.from(...).select(...).limit is not a function\n    at Module.ensureTestJobTypes (/Users/WongKang/Documents/esc_project/optistaff-main/src/test-setup.ts:208:6)\n    at /Users/WongKang/Documents/esc_project/optistaff-main/tests/integration/validate-job-names.test.ts:18:11\n    at processTicksAndRejections (node:internal/process/task_queues:105:5)"],"meta":{}},{"ancestorTitles":["validate_job_names - Database Function Unit Tests (Optimized)","Business Logic Validation"],"fullName":"validate_job_names - Database Function Unit Tests (Optimized) Business Logic Validation rejects single invalid job name","status":"failed","title":"rejects single invalid job name","duration":0.3283330000000433,"failureMessages":["TypeError: testSupabase.from(...).select(...).limit is not a function\n    at Module.ensureTestJobTypes (/Users/WongKang/Documents/esc_project/optistaff-main/src/test-setup.ts:208:6)\n    at /Users/WongKang/Documents/esc_project/optistaff-main/tests/integration/validate-job-names.test.ts:18:11\n    at processTicksAndRejections (node:internal/process/task_queues:105:5)"],"meta":{}},{"ancestorTitles":["validate_job_names - Database Function Unit Tests (Optimized)","Business Logic Validation"],"fullName":"validate_job_names - Database Function Unit Tests (Optimized) Business Logic Validation rejects inactive job names","status":"failed","title":"rejects inactive job names","duration":2.1687500000000455,"failureMessages":["TypeError: testSupabase.from(...).select(...).limit is not a function\n    at Module.ensureTestJobTypes (/Users/WongKang/Documents/esc_project/optistaff-main/src/test-setup.ts:208:6)\n    at /Users/WongKang/Documents/esc_project/optistaff-main/tests/integration/validate-job-names.test.ts:18:11\n    at processTicksAndRejections (node:internal/process/task_queues:105:5)"],"meta":{}},{"ancestorTitles":["validate_job_names - Database Function Unit Tests (Optimized)","Business Logic Validation"],"fullName":"validate_job_names - Database Function Unit Tests (Optimized) Business Logic Validation rejects mix of active and inactive job names","status":"failed","title":"rejects mix of active and inactive job names","duration":0.43620799999996507,"failureMessages":["TypeError: testSupabase.from(...).select(...).limit is not a function\n    at Module.ensureTestJobTypes (/Users/WongKang/Documents/esc_project/optistaff-main/src/test-setup.ts:208:6)\n    at /Users/WongKang/Documents/esc_project/optistaff-main/tests/integration/validate-job-names.test.ts:18:11\n    at processTicksAndRejections (node:internal/process/task_queues:105:5)"],"meta":{}},{"ancestorTitles":["validate_job_names - Database Function Unit Tests (Optimized)","Business Logic Validation"],"fullName":"validate_job_names - Database Function Unit Tests (Optimized) Business Logic Validation handles case sensitivity correctly","status":"failed","title":"handles case sensitivity correctly","duration":0.3613749999999527,"failureMessages":["TypeError: testSupabase.from(...).select(...).limit is not a function\n    at Module.ensureTestJobTypes (/Users/WongKang/Documents/esc_project/optistaff-main/src/test-setup.ts:208:6)\n    at /Users/WongKang/Documents/esc_project/optistaff-main/tests/integration/validate-job-names.test.ts:18:11\n    at processTicksAndRejections (node:internal/process/task_queues:105:5)"],"meta":{}},{"ancestorTitles":["validate_job_names - Database Function Unit Tests (Optimized)","Essential Edge Cases"],"fullName":"validate_job_names - Database Function Unit Tests (Optimized) Essential Edge Cases handles null input gracefully","status":"failed","title":"handles null input gracefully","duration":0.4263339999999971,"failureMessages":["TypeError: testSupabase.from(...).select(...).limit is not a function\n    at Module.ensureTestJobTypes (/Users/WongKang/Documents/esc_project/optistaff-main/src/test-setup.ts:208:6)\n    at /Users/WongKang/Documents/esc_project/optistaff-main/tests/integration/validate-job-names.test.ts:18:11\n    at processTicksAndRejections (node:internal/process/task_queues:105:5)"],"meta":{}},{"ancestorTitles":["validate_job_names - Database Function Unit Tests (Optimized)","Essential Edge Cases"],"fullName":"validate_job_names - Database Function Unit Tests (Optimized) Essential Edge Cases handles empty string job names","status":"failed","title":"handles empty string job names","duration":0.31737499999997,"failureMessages":["TypeError: testSupabase.from(...).select(...).limit is not a function\n    at Module.ensureTestJobTypes (/Users/WongKang/Documents/esc_project/optistaff-main/src/test-setup.ts:208:6)\n    at /Users/WongKang/Documents/esc_project/optistaff-main/tests/integration/validate-job-names.test.ts:18:11\n    at processTicksAndRejections (node:internal/process/task_queues:105:5)"],"meta":{}},{"ancestorTitles":["validate_job_names - Database Function Unit Tests (Optimized)","Essential Edge Cases"],"fullName":"validate_job_names - Database Function Unit Tests (Optimized) Essential Edge Cases handles duplicate job names in array","status":"failed","title":"handles duplicate job names in array","duration":0.299082999999996,"failureMessages":["TypeError: testSupabase.from(...).select(...).limit is not a function\n    at Module.ensureTestJobTypes (/Users/WongKang/Documents/esc_project/optistaff-main/src/test-setup.ts:208:6)\n    at /Users/WongKang/Documents/esc_project/optistaff-main/tests/integration/validate-job-names.test.ts:18:11\n    at processTicksAndRejections (node:internal/process/task_queues:105:5)"],"meta":{}},{"ancestorTitles":["validate_job_names - Database Function Unit Tests (Optimized)","Essential Edge Cases"],"fullName":"validate_job_names - Database Function Unit Tests (Optimized) Essential Edge Cases handles concurrent validation requests","status":"failed","title":"handles concurrent validation requests","duration":2.3977499999999736,"failureMessages":["TypeError: testSupabase.from(...).select(...).limit is not a function\n    at Module.ensureTestJobTypes (/Users/WongKang/Documents/esc_project/optistaff-main/src/test-setup.ts:208:6)\n    at /Users/WongKang/Documents/esc_project/optistaff-main/tests/integration/validate-job-names.test.ts:18:11\n    at processTicksAndRejections (node:internal/process/task_queues:105:5)"],"meta":{}}],"startTime":1755070692515,"endTime":1755070692531.3977,"status":"failed","message":"","name":"/Users/WongKang/Documents/esc_project/optistaff-main/tests/integration/validate-job-names.test.ts"},{"assertionResults":[{"ancestorTitles":["AssignmentDetailsModal Integration Tests","Modal Display Rendering"],"fullName":"AssignmentDetailsModal Integration Tests Modal Display Rendering displays complete assignment details modal","status":"failed","title":"displays complete assignment details modal","duration":3.2071660000000293,"failureMessages":["TypeError: Cannot read properties of undefined (reading 'mockImplementation')\n    at /Users/WongKang/Documents/esc_project/optistaff-main/tests/integration/jsdashboard/AssignmentDetailsModal-integration.test.tsx:133:21\n    at processTicksAndRejections (node:internal/process/task_queues:105:5)"],"meta":{}},{"ancestorTitles":["AssignmentDetailsModal Integration Tests","Modal Display Rendering"],"fullName":"AssignmentDetailsModal Integration Tests Modal Display Rendering displays minimal assignment details modal","status":"failed","title":"displays minimal assignment details modal","duration":0.2623329999998987,"failureMessages":["TypeError: Cannot read properties of undefined (reading 'mockImplementation')\n    at /Users/WongKang/Documents/esc_project/optistaff-main/tests/integration/jsdashboard/AssignmentDetailsModal-integration.test.tsx:133:21\n    at processTicksAndRejections (node:internal/process/task_queues:105:5)"],"meta":{}},{"ancestorTitles":["AssignmentDetailsModal Integration Tests","Modal Display Rendering"],"fullName":"AssignmentDetailsModal Integration Tests Modal Display Rendering doesn't render when assignment is null","status":"failed","title":"doesn't render when assignment is null","duration":0.1712079999999787,"failureMessages":["TypeError: Cannot read properties of undefined (reading 'mockImplementation')\n    at /Users/WongKang/Documents/esc_project/optistaff-main/tests/integration/jsdashboard/AssignmentDetailsModal-integration.test.tsx:133:21\n    at processTicksAndRejections (node:internal/process/task_queues:105:5)"],"meta":{}},{"ancestorTitles":["AssignmentDetailsModal Integration Tests","Status Updates and Assignment Actions"],"fullName":"AssignmentDetailsModal Integration Tests Status Updates and Assignment Actions successfully cancels upcoming assignment","status":"failed","title":"successfully cancels upcoming assignment","duration":0.1710000000000491,"failureMessages":["TypeError: Cannot read properties of undefined (reading 'mockImplementation')\n    at /Users/WongKang/Documents/esc_project/optistaff-main/tests/integration/jsdashboard/AssignmentDetailsModal-integration.test.tsx:133:21\n    at processTicksAndRejections (node:internal/process/task_queues:105:5)"],"meta":{}},{"ancestorTitles":["AssignmentDetailsModal Integration Tests","Status Updates and Assignment Actions"],"fullName":"AssignmentDetailsModal Integration Tests Status Updates and Assignment Actions doesn't show cancel button for completed assignments","status":"failed","title":"doesn't show cancel button for completed assignments","duration":0.1689169999999649,"failureMessages":["TypeError: Cannot read properties of undefined (reading 'mockImplementation')\n    at /Users/WongKang/Documents/esc_project/optistaff-main/tests/integration/jsdashboard/AssignmentDetailsModal-integration.test.tsx:133:21\n    at processTicksAndRejections (node:internal/process/task_queues:105:5)"],"meta":{}},{"ancestorTitles":["AssignmentDetailsModal Integration Tests","Status Updates and Assignment Actions"],"fullName":"AssignmentDetailsModal Integration Tests Status Updates and Assignment Actions handles assignment cancellation failure","status":"failed","title":"handles assignment cancellation failure","duration":0.15308300000003783,"failureMessages":["TypeError: Cannot read properties of undefined (reading 'mockImplementation')\n    at /Users/WongKang/Documents/esc_project/optistaff-main/tests/integration/jsdashboard/AssignmentDetailsModal-integration.test.tsx:133:21\n    at processTicksAndRejections (node:internal/process/task_queues:105:5)"],"meta":{}},{"ancestorTitles":["AssignmentDetailsModal Integration Tests","Feedback Display"],"fullName":"AssignmentDetailsModal Integration Tests Feedback Display displays employer feedback for completed assignment","status":"failed","title":"displays employer feedback for completed assignment","duration":0.15808400000003076,"failureMessages":["TypeError: Cannot read properties of undefined (reading 'mockImplementation')\n    at /Users/WongKang/Documents/esc_project/optistaff-main/tests/integration/jsdashboard/AssignmentDetailsModal-integration.test.tsx:133:21\n    at processTicksAndRejections (node:internal/process/task_queues:105:5)"],"meta":{}},{"ancestorTitles":["AssignmentDetailsModal Integration Tests","Feedback Display"],"fullName":"AssignmentDetailsModal Integration Tests Feedback Display handles completed assignment with no feedback","status":"failed","title":"handles completed assignment with no feedback","duration":0.13779199999999037,"failureMessages":["TypeError: Cannot read properties of undefined (reading 'mockImplementation')\n    at /Users/WongKang/Documents/esc_project/optistaff-main/tests/integration/jsdashboard/AssignmentDetailsModal-integration.test.tsx:133:21\n    at processTicksAndRejections (node:internal/process/task_queues:105:5)"],"meta":{}},{"ancestorTitles":["AssignmentDetailsModal Integration Tests","Feedback Display"],"fullName":"AssignmentDetailsModal Integration Tests Feedback Display doesn't show feedback section for upcoming assignments","status":"failed","title":"doesn't show feedback section for upcoming assignments","duration":0.12950000000000728,"failureMessages":["TypeError: Cannot read properties of undefined (reading 'mockImplementation')\n    at /Users/WongKang/Documents/esc_project/optistaff-main/tests/integration/jsdashboard/AssignmentDetailsModal-integration.test.tsx:133:21\n    at processTicksAndRejections (node:internal/process/task_queues:105:5)"],"meta":{}},{"ancestorTitles":["AssignmentDetailsModal Integration Tests","Assignment Refresh and Hook Integration"],"fullName":"AssignmentDetailsModal Integration Tests Assignment Refresh and Hook Integration integrates with hooks to fetch and refresh data","status":"failed","title":"integrates with hooks to fetch and refresh data","duration":0.14649999999994634,"failureMessages":["TypeError: Cannot read properties of undefined (reading 'mockImplementation')\n    at /Users/WongKang/Documents/esc_project/optistaff-main/tests/integration/jsdashboard/AssignmentDetailsModal-integration.test.tsx:133:21\n    at processTicksAndRejections (node:internal/process/task_queues:105:5)"],"meta":{}},{"ancestorTitles":["AssignmentDetailsModal Integration Tests","Assignment Refresh and Hook Integration"],"fullName":"AssignmentDetailsModal Integration Tests Assignment Refresh and Hook Integration handles modal close and callback integration","status":"failed","title":"handles modal close and callback integration","duration":0.1280419999999367,"failureMessages":["TypeError: Cannot read properties of undefined (reading 'mockImplementation')\n    at /Users/WongKang/Documents/esc_project/optistaff-main/tests/integration/jsdashboard/AssignmentDetailsModal-integration.test.tsx:133:21\n    at processTicksAndRejections (node:internal/process/task_queues:105:5)"],"meta":{}}],"startTime":1755070692909,"endTime":1755070692914.1582,"status":"failed","message":"","name":"/Users/WongKang/Documents/esc_project/optistaff-main/tests/integration/jsdashboard/AssignmentDetailsModal-integration.test.tsx"},{"assertionResults":[{"ancestorTitles":["JSDashboard Layout Integration Tests","Dashboard Loading and Initialization"],"fullName":"JSDashboard Layout Integration Tests Dashboard Loading and Initialization displays loading state initially","status":"failed","title":"displays loading state initially","duration":5.298790999999937,"failureMessages":["TypeError: Cannot read properties of undefined (reading 'mockImplementation')\n    at /Users/WongKang/Documents/esc_project/optistaff-main/tests/integration/jsdashboard/JSDashboard-layout-integration.test.tsx:242:21\n    at processTicksAndRejections (node:internal/process/task_queues:105:5)"],"meta":{}},{"ancestorTitles":["JSDashboard Layout Integration Tests","Dashboard Loading and Initialization"],"fullName":"JSDashboard Layout Integration Tests Dashboard Loading and Initialization integrates useAssignments and useUserProfile hooks successfully","status":"failed","title":"integrates useAssignments and useUserProfile hooks successfully","duration":0.5795830000000706,"failureMessages":["TypeError: Cannot read properties of undefined (reading 'mockImplementation')\n    at /Users/WongKang/Documents/esc_project/optistaff-main/tests/integration/jsdashboard/JSDashboard-layout-integration.test.tsx:242:21\n    at processTicksAndRejections (node:internal/process/task_queues:105:5)"],"meta":{}},{"ancestorTitles":["JSDashboard Layout Integration Tests","Dashboard Loading and Initialization"],"fullName":"JSDashboard Layout Integration Tests Dashboard Loading and Initialization handles hook loading errors gracefully","status":"failed","title":"handles hook loading errors gracefully","duration":0.26012500000001637,"failureMessages":["TypeError: Cannot read properties of undefined (reading 'mockImplementation')\n    at /Users/WongKang/Documents/esc_project/optistaff-main/tests/integration/jsdashboard/JSDashboard-layout-integration.test.tsx:242:21\n    at processTicksAndRejections (node:internal/process/task_queues:105:5)"],"meta":{}},{"ancestorTitles":["JSDashboard Layout Integration Tests","Assignment Filtering and Current Week Logic"],"fullName":"JSDashboard Layout Integration Tests Assignment Filtering and Current Week Logic filters and displays current week assignments only","status":"failed","title":"filters and displays current week assignments only","duration":0.17837499999995998,"failureMessages":["TypeError: Cannot read properties of undefined (reading 'mockImplementation')\n    at /Users/WongKang/Documents/esc_project/optistaff-main/tests/integration/jsdashboard/JSDashboard-layout-integration.test.tsx:242:21\n    at processTicksAndRejections (node:internal/process/task_queues:105:5)"],"meta":{}},{"ancestorTitles":["JSDashboard Layout Integration Tests","Assignment Filtering and Current Week Logic"],"fullName":"JSDashboard Layout Integration Tests Assignment Filtering and Current Week Logic displays correct current week date range","status":"failed","title":"displays correct current week date range","duration":0.18004099999996015,"failureMessages":["TypeError: Cannot read properties of undefined (reading 'mockImplementation')\n    at /Users/WongKang/Documents/esc_project/optistaff-main/tests/integration/jsdashboard/JSDashboard-layout-integration.test.tsx:242:21\n    at processTicksAndRejections (node:internal/process/task_queues:105:5)"],"meta":{}},{"ancestorTitles":["JSDashboard Layout Integration Tests","Assignment Filtering and Current Week Logic"],"fullName":"JSDashboard Layout Integration Tests Assignment Filtering and Current Week Logic handles empty current week assignments gracefully","status":"failed","title":"handles empty current week assignments gracefully","duration":0.15691600000002381,"failureMessages":["TypeError: Cannot read properties of undefined (reading 'mockImplementation')\n    at /Users/WongKang/Documents/esc_project/optistaff-main/tests/integration/jsdashboard/JSDashboard-layout-integration.test.tsx:242:21\n    at processTicksAndRejections (node:internal/process/task_queues:105:5)"],"meta":{}},{"ancestorTitles":["JSDashboard Layout Integration Tests","User Greeting and Profile Integration"],"fullName":"JSDashboard Layout Integration Tests User Greeting and Profile Integration displays personalized greeting with user profile data","status":"failed","title":"displays personalized greeting with user profile data","duration":0.14250000000004093,"failureMessages":["TypeError: Cannot read properties of undefined (reading 'mockImplementation')\n    at /Users/WongKang/Documents/esc_project/optistaff-main/tests/integration/jsdashboard/JSDashboard-layout-integration.test.tsx:242:21\n    at processTicksAndRejections (node:internal/process/task_queues:105:5)"],"meta":{}},{"ancestorTitles":["JSDashboard Layout Integration Tests","User Greeting and Profile Integration"],"fullName":"JSDashboard Layout Integration Tests User Greeting and Profile Integration handles incomplete profile data gracefully","status":"failed","title":"handles incomplete profile data gracefully","duration":0.14287500000000364,"failureMessages":["TypeError: Cannot read properties of undefined (reading 'mockImplementation')\n    at /Users/WongKang/Documents/esc_project/optistaff-main/tests/integration/jsdashboard/JSDashboard-layout-integration.test.tsx:242:21\n    at processTicksAndRejections (node:internal/process/task_queues:105:5)"],"meta":{}},{"ancestorTitles":["JSDashboard Layout Integration Tests","Layout Rendering and Child Component Integration"],"fullName":"JSDashboard Layout Integration Tests Layout Rendering and Child Component Integration renders complete dashboard layout with child components","status":"failed","title":"renders complete dashboard layout with child components","duration":0.15145800000004783,"failureMessages":["TypeError: Cannot read properties of undefined (reading 'mockImplementation')\n    at /Users/WongKang/Documents/esc_project/optistaff-main/tests/integration/jsdashboard/JSDashboard-layout-integration.test.tsx:242:21\n    at processTicksAndRejections (node:internal/process/task_queues:105:5)"],"meta":{}},{"ancestorTitles":["JSDashboard Layout Integration Tests","Layout Rendering and Child Component Integration"],"fullName":"JSDashboard Layout Integration Tests Layout Rendering and Child Component Integration handles assignment card interaction and modal integration","status":"failed","title":"handles assignment card interaction and modal integration","duration":0.15033299999993233,"failureMessages":["TypeError: Cannot read properties of undefined (reading 'mockImplementation')\n    at /Users/WongKang/Documents/esc_project/optistaff-main/tests/integration/jsdashboard/JSDashboard-layout-integration.test.tsx:242:21\n    at processTicksAndRejections (node:internal/process/task_queues:105:5)"],"meta":{}},{"ancestorTitles":["JSDashboard Layout Integration Tests","Layout Rendering and Child Component Integration"],"fullName":"JSDashboard Layout Integration Tests Layout Rendering and Child Component Integration handles assignment status changes and triggers refresh","status":"failed","title":"handles assignment status changes and triggers refresh","duration":0.11412500000005821,"failureMessages":["TypeError: Cannot read properties of undefined (reading 'mockImplementation')\n    at /Users/WongKang/Documents/esc_project/optistaff-main/tests/integration/jsdashboard/JSDashboard-layout-integration.test.tsx:242:21\n    at processTicksAndRejections (node:internal/process/task_queues:105:5)"],"meta":{}}],"startTime":1755070693333,"endTime":1755070693340.18,"status":"failed","message":"","name":"/Users/WongKang/Documents/esc_project/optistaff-main/tests/integration/jsdashboard/JSDashboard-layout-integration.test.tsx"},{"assertionResults":[{"ancestorTitles":["JobseekerAssignmentCard Integration Tests","Assignment Display Rendering"],"fullName":"JobseekerAssignmentCard Integration Tests Assignment Display Rendering renders complete assignment card with all information","status":"failed","title":"renders complete assignment card with all information","duration":46.98066700000004,"failureMessages":["TestingLibraryElementError: Unable to find an element by: [data-testid=\"assignment-card\"]\n\nIgnored nodes: comments, script, style\n\u001b[36m<body>\u001b[39m\n  \u001b[36m<div>\u001b[39m\n    \u001b[36m<div\u001b[39m\n      \u001b[33mclass\u001b[39m=\u001b[32m\"rounded-lg text-primary-text p-4 transition-all duration-200 border border-border bg-card-color shadow-none hover:shadow-sm\"\u001b[39m\n    \u001b[36m>\u001b[39m\n      \u001b[36m<div\u001b[39m\n        \u001b[33mclass\u001b[39m=\u001b[32m\"flex justify-between items-start mb-3\"\u001b[39m\n      \u001b[36m>\u001b[39m\n        \u001b[36m<div\u001b[39m\n          \u001b[33mclass\u001b[39m=\u001b[32m\"flex-1\"\u001b[39m\n        \u001b[36m>\u001b[39m\n          \u001b[36m<h3\u001b[39m\n            \u001b[33mclass\u001b[39m=\u001b[32m\"text-base font-bold text-primary-text mb-1\"\u001b[39m\n          \u001b[36m>\u001b[39m\n            \u001b[0mWarehouse Helper\u001b[0m\n          \u001b[36m</h3>\u001b[39m\n          \u001b[36m<p\u001b[39m\n            \u001b[33mclass\u001b[39m=\u001b[32m\"text-secondary-text text-sm\"\u001b[39m\n          \u001b[36m>\u001b[39m\n            \u001b[0mABC Logistics\u001b[0m\n          \u001b[36m</p>\u001b[39m\n        \u001b[36m</div>\u001b[39m\n        \u001b[36m<span\u001b[39m\n          \u001b[33mclass\u001b[39m=\u001b[32m\"px-3 py-1 rounded-full text-xs font-medium border bg-yellow-500 text-white border-yellow-500\"\u001b[39m\n        \u001b[36m>\u001b[39m\n          \u001b[0mUpcoming\u001b[0m\n        \u001b[36m</span>\u001b[39m\n      \u001b[36m</div>\u001b[39m\n      \u001b[36m<div\u001b[39m\n        \u001b[33mclass\u001b[39m=\u001b[32m\"grid grid-cols-2 gap-x-4 gap-y-2 mb-3\"\u001b[39m\n      \u001b[36m>\u001b[39m\n        \u001b[36m<div\u001b[39m\n          \u001b[33mclass\u001b[39m=\u001b[32m\"flex items-center text-secondary-text\"\u001b[39m\n        \u001b[36m>\u001b[39m\n          \u001b[36m<div\u001b[39m\n            \u001b[33mdata-testid\u001b[39m=\u001b[32m\"clock-icon\"\u001b[39m\n          \u001b[36m/>\u001b[39m\n          \u001b[36m<span\u001b[39m\n            \u001b[33mclass\u001b[39m=\u001b[32m\"text-sm\"\u001b[39m\n          \u001b[36m>\u001b[39m\n            \u001b[0mMon, Dec 16, 9:00 AM – 5:00 PM\u001b[0m\n          \u001b[36m</span>\u001b[39m\n        \u001b[36m</div>\u001b[39m\n        \u001b[36m<div\u001b[39m\n          \u001b[33mclass\u001b[39m=\u001b[32m\"flex items-center text-secondary-text\"\u001b[39m\n        \u001b[36m>\u001b[39m\n          \u001b[36m<div\u001b[39m\n            \u001b[33mdata-testid\u001b[39m=\u001b[32m\"dollar-sign-icon\"\u001b[39m\n          \u001b[36m/>\u001b[39m\n          \u001b[36m<span\u001b[39m\n            \u001b[33mclass\u001b[39m=\u001b[32m\"text-sm\"\u001b[39m\n          \u001b[36m>\u001b[39m\n            \u001b[0m25/hr\u001b[0m\n          \u001b[36m</span>\u001b[39m\n        \u001b[36m</div>\u001b[39m\n        \u001b[36m<div\u001b[39m\n          \u001b[33mclass\u001b[39m=\u001b[32m\"flex items-center text-secondary-text\"\u001b[39m\n        \u001b[36m>\u001b[39m\n          \u001b[36m<div\u001b[39m\n            \u001b[33mdata-testid\u001b[39m=\u001b[32m\"map-pin-icon\"\u001b[39m\n          \u001b[36m/>\u001b[39m\n          \u001b[36m<span\u001b[39m\n            \u001b[33mclass\u001b[39m=\u001b[32m\"text-sm\"\u001b[39m\n          \u001b[36m>\u001b[39m\n            \u001b[0m123 Main Street, Singapore\u001b[0m\n          \u001b[36m</span>\u001b[39m\n        \u001b[36m</div>\u001b[39m\n        \u001b[36m<div\u001b[39m\n          \u001b[33mclass\u001b[39m=\u001b[32m\"flex items-center text-secondary-text\"\u001b[39m\n        \u001b[36m>\u001b[39m\n          \u001b[36m<div\u001b[39m\n            \u001b[33mdata-testid\u001b[39m=\u001b[32m\"briefcase-icon\"\u001b[39m\n          \u001b[36m/>\u001b[39m\n          \u001b[36m<span\u001b[39m\n            \u001b[33mclass\u001b[39m=\u001b[32m\"text-sm\"\u001b[39m\n          \u001b[36m>\u001b[39m\n            \u001b[0mWarehouse\u001b[0m\n          \u001b[36m</span>\u001b[39m\n        \u001b[36m</div>\u001b[39m\n        \u001b[36m<div\u001b[39m\n          \u001b[33mclass\u001b[39m=\u001b[32m\"flex items-center text-secondary-text\"\u001b[39m\n        \u001b[36m>\u001b[39m\n          \u001b[36m<div\u001b[39m\n            \u001b[33mdata-testid\u001b[39m=\u001b[32m\"phone-icon\"\u001b[39m\n          \u001b[36m/>\u001b[39m\n          \u001b[36m<span\u001b[39m\n            \u001b[33mclass\u001b[39m=\u001b[32m\"text-sm\"\u001b[39m\n          \u001b[36m>\u001b[39m\n            \u001b[0m+65 1234 5678\u001b[0m\n          \u001b[36m</span>\u001b[39m\n        \u001b[36m</div>\u001b[39m\n        \u001b[36m<div\u001b[39m\n          \u001b[33mclass\u001b[39m=\u001b[32m\"flex items-center text-secondary-text\"\u001b[39m\n        \u001b[36m>\u001b[39m\n          \u001b[36m<div\u001b[39m\n            \u001b[33mdata-testid\u001b[39m=\u001b[32m\"mail-icon\"\u001b[39m\n          \u001b[36m/>\u001b[39m\n          \u001b[36m<span\u001b[39m\n            \u001b[33mclass\u001b[39m=\u001b[32m\"text-sm\"\u001b[39m\n          \u001b[36m>\u001b[39m\n            \u001b[0mcontact@abc.com\u001b[0m\n          \u001b[36m</span>\u001b[39m\n        \u001b[36m</div>\u001b[39m\n      \u001b[36m</div>\u001b[39m\n      \u001b[36m<button\u001b[39m\n        \u001b[33maria-label\u001b[39m=\u001b[32m\"View details for Warehouse Helper\"\u001b[39m\n        \u001b[33mclass\u001b[39m=\u001b[32m\"inline-flex items-center justify-center whitespace-nowrap rounded-md font-montserrat-smb ring-offset-card-color transition-colors focus-visible:outline-none focus-visible:ring-2 focus-visible:ring-primary-blue focus-visible:ring-offset-2 disabled:pointer-events-none disabled:opacity-50 hover:text-primary-text h-10 px-4
[...]
      \u001b[0m3\u001b[0m\n                  \u001b[36m</span>\u001b[39m\n                \u001b[36m</div>\u001b[39m\n              \u001b[36m</div>\u001b[39m\n              \u001b[36m<div\u001b[39m\n                \u001b[33mclass\u001b[39m=\u001b[32m\"border-l-red-dark bg-red border-l-4 cursor-pointer p-2 rounded mb-1 max-h-30 min-h-30 overflow-hidden transition-all duration-200 ring-2 ring-gray-300 ring-opacity-50\"\u001b[39m\n              \u001b[36m>\u001b[39m\n                \u001b[36m<p\u001b[39m\n                  \u001b[33mclass\u001b[39m=\u001b[32m\"font-montserrat-smb mb-1.5 line-clamp-2 leading-tight\"\u001b[39m\n                \u001b[36m>\u001b[39m\n                  \u001b[0mData Analyst\u001b[0m\n                \u001b[36m</p>\u001b[39m\n                \u001b[36m<div\u001b[39m\n                  \u001b[33mclass\u001b[39m=\u001b[32m\"flex items-start mb-1.5\"\u001b[39m\n                \u001b[36m>\u001b[39m\n                  \u001b[36m<span\u001b[39m\n                    \u001b[33mclass\u001b[39m=\u001b[32m\"text-sm font-medium\"\u001b[39m\n                  \u001b[36m>\u001b[39m\n                    \u001b[0m6:00 PM\u001b[0m\n                    \u001b[0m to\u001b[0m\n                    \u001b[36m<br />\u001b[39m\n                    \u001b[0m2:00 AM\u001b[0m\n                  \u001b[36m</span>\u001b[39m\n                \u001b[36m</div>\u001b[39m\n                \u001b[36m<div\u001b[39m\n                  \u001b[33mclass\u001b[39m=\u001b[32m\"flex items-center text-xs\"\u001b[39m\n                \u001b[36m>\u001b[39m\n                  \u001b[36m<img\u001b[39m\n                    \u001b[33malt\u001b[39m=\u001b[32m\"Calendar Icon\"\u001b[39m\n                    \u001b[33mclass\u001b[39m=\u001b[32m\"h-3 w-3 mr-1 brightness-0\"\u001b[39m\n                    \u001b[33msrc\u001b[39m=\u001b[32m\"/icons/person.svg\"\u001b[39m\n                  \u001b[36m/>\u001b[39m\n                  \u001b[36m<span>\u001b[39m\n                    \u001b[0m1\u001b[0m\n                    \u001b[0m/\u001b[0m\n                    \u001b[0m2\u001b[0m\n                  \u001b[36m</span>\u001b[39m\n                \u001b[36m</div>\u001b[39m\n              \u001b[36m</div>\u001b[39m\n            \u001b[36m</div>\u001b[39m\n          \u001b[36m</div>\u001b[39m\n          \u001b[36m<div\u001b[39m\n            \u001b[33mclass\u001b[39m=\u001b[32m\"bg-white px-2 grow\"\u001b[39m\n          \u001b[36m>\u001b[39m\n            \u001b[36m<div\u001b[39m\n              \u001b[33mclass\u001b[39m=\u001b[32m\"pb-2\"\u001b[39m\n            \u001b[36m>\u001b[39m\n              \u001b[36m<h2\u001b[39m\n                \u001b[33mclass\u001b[39m=\u001b[32m\"text-sm font-montserrat\"\u001b[39m\n              \u001b[36m>\u001b[39m\n                \u001b[0mTue\u001b[0m\n              \u001b[36m</h2>\u001b[39m\n              \u001b[36m<p\u001b[39m\n                \u001b[33mclass\u001b[39m=\u001b[32m\"text-xl font-semibold\"\u001b[39m\n              \u001b[36m>\u001b[39m\n                \u001b[0m12 Aug\u001b[0m\n              \u001b[36m</p>\u001b[39m\n            \u001b[36m</div>\u001b[39m\n            \u001b[36m<div\u001b[39m\n              \u001b[33mclass\u001b[39m=\u001b[32m\"space-y-2\"\u001b[39m\n            \u001b[36m>\u001b[39m\n              \u001b[36m<div\u001b[39m\n                \u001b[33mclass\u001b[39m=\u001b[32m\"border-l-green-dark bg-green border-l-4 cursor-pointer p-2 rounded mb-1 max-h-30 min-h-30 overflow-hidden transition-all duration-200 hover:shadow-sm\"\u001b[39m\n              \u001b[36m>\u001b[39m\n                \u001b[36m<p\u001b[39m\n                  \u001b[33mclass\u001b[39m=\u001b[32m\"font-montserrat-smb mb-1.5 line-clamp-2 leading-tight\"\u001b[39m\n                \u001b[36m>\u001b[39m\n                  \u001b[0mMarketing Assistant\u001b[0m\n                \u001b[36m</p>\u001b[39m\n                \u001b[36m<div\u001b[39m\n                  \u001b[33mclass\u001b[39m=\u001b[32m\"flex items-start mb-1.5\"\u001b[39m\n                \u001b[36m>\u001b[39m\n                  \u001b[36m<span\u001b[39m\n                    \u001b[33mclass\u001b[39m=\u001b[32m\"text-sm font-medium\"\u001b[39m\n                  \u001b[36m>\u001b[39m\n                    \u001b[0m5:00 PM\u001b[0m\n                    \u001b[0m to\u001b[0m\n                    \u001b[36m<br />\u001b[39m\n                    \u001b[0m1:00 AM\u001b[0m\n                  \u001b[36m</span>\u001b[39m\n                \u001b[36m</div>\u001b[39m\n                \u001b[36m<div\u001b[39m\n                  \u001b[33mclass\u001b[39m=\u001b[32m\"flex items-center text-xs\"\u001b[39m\n                \u001b[36m>\u001b[39m\n                  \u001b[36m<img\u001b[39m\n                    \u001b[33malt\u001b[39m=\u001b[32m\"Calendar Icon\"\u001b[39m\n                    \u001b[33mclass\u001b[39m=\u001b[32m\"h-3 w-3 mr-1 brightness-0\"\u001b[39m\n                    \u001b[33msrc\u001b[39m=\u001b[32m\"/icons/person.svg\"\u001b[39m\n                  \u001b[36m/>\u001b[39m\n                  \u001b[36m<span>\u001b[39m\n                    \u001b[0m1\u001b[0m\n                    \u001b[0m/\u001b[0m\n                    \u001b[0m1\u001b[0m\n                  \u001b[36m</span>\u001b[39m\n                \u001b[36m</div>\u001b[39m\n              \u001b[36m</div>\u001b[39m\n            \u001b[36m</div>\u001b[39m\n          \u001b[36m</div>\u001b[39m\n          \u001b[36m<div\u001b[39m\n            \u001b[33mclass\u001b[39m=\u001b[32m\"bg-white px-2 grow\"\u001b[39m\n          \u001b[36m>\u001b[39m\n            \u001b[36m<div\u001b[39m\n              \u001b[33mclass\u001b[39m=\u001b[32m\"pb-2\"\u001b[39m\n            \u001b[36m>\u001b[39m\n              \u001b[36m<h2\u001b[39m\n                \u001b[33mclass\u001b[39m=\u001b[32m\"text-sm font-montserrat\"\u001b[39m\n              \u001b[36m>\u001b[39m\n                \u001b[0mWed\u001b[0m\n              \u001b[36m</h2>\u001b[39m\n              \u001b[36m<p\u001b[39m\n                \u001b[33mclass\u001b[39m=\u001b[32m\"text-xl font-semibold\"\u001b[39m\n              \u001b[36m>\u001b[39m\n                \u001b[0m13 Aug\u001b[0m\n              \u001b[36m</p>\u001b[39m\n            \u001b[36m</div>\u001b[39m\n            \u001b[36m<div\u001b[39m\n              \u001b[33mclass\u001b[39m=\u001b[32m\"space-y-2\"\u001b[39m\n            \u001b[36m/>\u001b[39m\n          \u001b[36m</div>\u001b[39m\n          \u001b[36m<div\u001b[39m\n            \u001b[33mclass\u001b[39m=\u001b[32m\"bg-white px-2 grow\"\u001b[39m\n          \u001b[36m>\u001b[39m\n            \u001b[36m<div\u001b[39m\n              \u001b[33mclass\u001b[39m=\u001b[32m\"pb-2\"\u001b[39m\n            \u001b[36m>\u001b[39m\n              \u001b[36m<h2\u001b[39m\n                \u001b[33mclass\u001b[39m=\u001b[32m\"text-sm font-montserrat\"\u001b[39m\n              \u001b[36m>\u001b[39m\n                \u001b[0mThu\u001b[0m\n              \u001b[36m</h2>\u001b[39m\n              \u001b[36m<p\u001b[39m\n                \u001b[33mclass\u001b[39m=\u001b[32m\"text-xl font-semibold\"\u001b[39m\n              \u001b[36m>\u001b[39m\n                \u001b[0m14 Aug\u001b[0m\n              \u001b[36m</p>\u001b[39m\n            \u001b[36m</div>\u001b[39m\n            \u001b[36m<div\u001b[39m\n              \u001b[33mclass\u001b[39m=\u001b[32m\"space-y-2\"\u001b[39m\n            \u001b[36m/>\u001b[39m\n          \u001b[36m</div>\u001b[39m\n          \u001b[36m<div\u001b[39m\n            \u001b[33mclass\u001b[39m=\u001b[32m\"bg-white px-2 grow\"\u001b[39m\n          \u001b[36m>\u001b[39m\n            \u001b[36m<div\u001b[39m\n              \u001b[33mclass\u001b[39m=\u001b[32m\"pb-2\"\u001b[39m\n            \u001b[36m>\u001b[39m\n              \u001b[36m<h2\u001b[39m\n                \u001b[33mclass\u001b[39m=\u001b[32m\"text-sm font-montserrat\"\u001b[39m\n              \u001b[36m>\u001b[39m\n                \u001b[0mFri\u001b[0m\n              \u001b[36m</h2>\u001b[39m\n              \u001b[36m<p\u001b[39m\n                \u001b[33mclass\u001b[39m=\u001b[32m\"text-xl font-semibold\"\u001b[39m\n              \u001b[36m>\u001b[39m\n                \u001b[0m15 Aug\u001b[0m\n              \u001b[36m</p>\u001b[39m\n            \u001b[36m</div>\u001b[39m\n            \u001b[36m<div\u001b[39m\n              \u001b[33mclass\u001b[39m=\u001b[32m\"space-y-2\"\u001b[39m\n            \u001b[36m/>\u001b[39m\n          \u001b[36m</div>\u001b[39m\n          \u001b[36m<div\u001b[39m\n            \u001b[33mclass\u001b[39m=\u001b[32m\"bg-white px-2 grow\"\u001b[39m\n          \u001b[36m>\u001b[39m\n            \u001b[36m<div\u001b[39m\n              \u001b[33mclass\u001b[39m=\u001b[32m\"pb-2\"\u001b[39m\n            \u001b[36m>\u001b[39m\n              \u001b[36m<h2\u001b[39m\n                \u001b[33mclass\u001b[39m=\u001b[32m\"text-sm font-montserrat\"\u001b[39m\n              \u001b[36m>\u001b[39m\n                \u001b[0mSat\u001b[0m\n              \u001b[36m</h2>\u001b[39m\n              \u001b[36m<p\u001b[39m\n                \u001b[33mclass\u001b[39m=\u001b[32m\"text-xl font-semibold\"\u001b[39m\n              \u001b[36m>\u001b[39m\n                \u001b[0m16 Aug\u001b[0m\n              \u001b[36m</p>\u001b[39m\n            \u001b[36m</div>\u001b[39m\n            \u001b[36m<div\u001b[39m\n              \u001b[33mclass\u001b[39m=\u001b[32m\"space-y-2\"\u001b[39m\n            \u001b[36m/>\u001b[39m\n          \u001b[36m</div>\u001b[39m\n          \u001b[36m<div\u001b[39m\n            \u001b[33mclass\u001b[39m=\u001b[32m\"bg-white px-2 grow\"\u001b[39m\n          \u001b[36m>\u001b[39m\n            \u001b[36m<div\u001b[39m\n              \u001b[33mclass\u001b[39m=\u001b[32m\"pb-2\"\u001b[39m\n            \u001b[36m>\u001b[39m\n              \u001b[36m<h2\u001b[39m\n                \u001b[33mclass\u001b[39m=\u001b[32m\"text-sm font-montserrat\"\u001b[39m\n              \u001b[36m>\u001b[39m\n                \u001b[0mSun\u001b[0m\n              \u001b[36m</h2>\u001b[39m\n              \u001b[36m<p\u001b[39m\n                \u001b[33mclass\u001b[39m=\u001b[32m\"text-xl font-semibold\"\u001b[39m\n              \u001b[36m>\u001b[39m\n                \u001b[0m17 Aug\u001b[0m\n              \u001b[36m</p>\u001b[39m\n            \u001b[36m</div>\u001b[39m\n            \u001b[36m<div\u001b[39m\n              \u001b[33mclass\u001b[39m=\u001b[32m\"space-y-2\"\u001b[39m\n            \u001b[36m/>\u001b[39m\n          \u001b[36m</div>\u001b[39m\n        \u001b[36m</div>\u001b[39m\n      \u001b[36m</div>\u001b[39m\n      \u001b[36m<div\u001b[39m\n        \u001b[33mclass\u001b[39m=\u001b[32m\"fixed inset-0 flex items-center justify-center bg-opacity-50\"\u001b[39m\n      \u001b[36m>\u001b[39m\n        \u001b[36m<div\u001b[39m\n          \u001b[33mclass\u001b[39m=\u001b[32m\"bg-white rounded-2xl shadow-2xl w-auto overflow-auto\"\u001b[39m\n        \u001b[36m>\u001b[39m\n          \u001b[36m<div\u001b[39m\n            \u001b[33mclass\u001b[39m=\u001b[32m\"bg-white p-4 rounded-lg w-150\"\u001b[39m\n          \u001b[36m>\u001b[39m\n            \u001b[36m<div\u001b[39m\n              \u001b[33mclass\u001b[39m=\u001b[32m\"flex justify-between items-start mb-4\"\u001b[39m\n            \u001b[36m>\u001b[39m\n              \u001b[36m<div>\u001b[39m\n                \u001b[36m<p\u001b[39m\n                  \u001b[33mclass\u001b[39m=\u001b[32m\"text-secondary-text text-sm mb-1\"\u001b[39m\n                \u001b[36m>\u001b[39m\n                  \u001b[0mTitle\u001b[0m\n                \u001b[36m</p>\u001b[39m\n                \u001b[36m<h2\u001b[39m\n                  \u001b[33mclass\u001b[39m=\u001b[32m\"text-xl font-semibold\"\u001b[39m\n                \u001b[36m>\u001b[39m\n                  \u001b[0mData Analyst\u001b[0m\n                \u001b[36m</h2>\u001b[39m\n              \u001b[36m</div>\u001b[39m\n              \u001b[36m<button\u001b[39m\n                \u001b[33mclass\u001b[39m=\u001b[32m\"text-gray-400 hover:text-gray-600 text-2xl leading-none\"\u001b[39m\n              \u001b[36m>\u001b[39m\n                \u001b[0m×\u001b[0m\n              \u001b[36m</button>\u001b[39m\n            \u001b[36m</div>\u001b[39m\n            \u001b[36m<div\u001b[39m\n              \u001b[33mclass\u001b[39m=\u001b[32m\"mb-4\"\u001b[39m\n            \u001b[36m>\u001b[39m\n              \u001b[36m<p\u001b[39m\n                \u001b[33mclass\u001b[39m=\u001b[32m\"text-secondary-text text-sm mb-1\"\u001b[39m\n              \u001b[36m>\u001b[39m\n                \u001b[0mShift Time\u001b[0m\n              \u001b[36m</p>\u001b[39m\n              \u001b[36m<p\u001b[39m\n                \u001b[33mclass\u001b[39m=\u001b[32m\"text-lg font-medium\"\u001b[39m\n              \u001b[36m>\u001b[39m\n                \u001b[0m6:00 PM\u001b[0m\n                \u001b[0m - \u001b[0m\n                \u001b[0m2:00 AM\u001b[0m\n              \u001b[36m</p>\u001b[39m\n            \u001b[36m</div>\u001b[39m\n            \u001b[36m<div\u001b[39m\n              \u001b[33mclass\u001b[39m=\u001b[32m\"mb-4\"\u001b[39m\n            \u001b[36m>\u001b[39m\n              \u001b[36m<p\u001b[39m\n                \u001b[33mclass\u001b[39m=\u001b[32m\"text-secondary-text text-sm mb-1\"\u001b[39m\n              \u001b[36m>\u001b[39m\n                \u001b[0mLocation\u001b[0m\n              \u001b[36m</p>\u001b[39m\n              \u001b[36m<p\u001b[39m\n                \u001b[33mclass\u001b[39m=\u001b[32m\"text-lg font-medium\"\u001b[39m\n              \u001b[36m>\u001b[39m\n                \u001b[0mUptown Branch\u001b[0m\n              \u001b[36m</p>\u001b[39m\n            \u001b[36m</div>\u001b[39m\n            \u001b[36m<div\u001b[39m\n              \u001b[33mclass\u001b[39m=\u001b[32m\"mb-4\"\u001b[39m\n            \u001b[36m>\u001b[39m\n              \u001b[36m<p\u001b[39m\n                \u001b[33mclass\u001b[39m=\u001b[32m\"text-secondary-text text-sm mb-1\"\u001b[39m\n              \u001b[36m>\u001b[39m\n                \u001b[0mPay Rate\u001b[0m\n              \u001b[36m</p>\u001b[39m\n              \u001b[36m<p\u001b[39m\n                \u001b[33mclass\u001b[39m=\u001b[32m\"text-lg font-medium\"\u001b[39m\n              \u001b[36m>\u001b[39m\n                \u001b[0m$\u001b[0m\n                \u001b[0m30.00\u001b[0m\n              \u001b[36m</p>\u001b[39m\n            \u001b[36m</div>\u001b[39m\n            \u001b[36m<div\u001b[39m\n              \u001b[33mclass\u001b[39m=\u001b[32m\"mb-4\"\u001b[39m\n            \u001b[36m>\u001b[39m\n              \u001b[36m<p\u001b[39m\n                \u001b[33mclass\u001b[39m=\u001b[32m\"text-secondary-text text-sm mb-1\"\u001b[39m\n              \u001b[36m>\u001b[39m\n                \u001b[0mDescription\u001b[0m\n              \u001b[36m</p>\u001b[39m\n              \u001b[36m<p\u001b[39m\n                \u001b[33mclass\u001b[39m=\u001b[32m\"text-lg font-medium\"\u001b[39m\n              \u001b[36m>\u001b[39m\n                \u001b[0mAnalyze customer data and generate reports\u001b[0m\n              \u001b[36m</p>\u001b[39m\n            \u001b[36m</div>\u001b[39m\n            \u001b[36m<div>\u001b[39m\n              \u001b[36m<p\u001b[39m\n                \u001b[33mclass\u001b[39m=\u001b[32m\"text-secondary-text text-sm mb-1\"\u001b[39m\n              \u001b[36m>\u001b[39m\n                \u001b[0mFilled / Required\u001b[0m\n              \u001b[36m</p>\u001b[39m\n              \u001b[36m<p\u001b[39m\n                \u001b[33mclass\u001b[39m=\u001b[32m\"text-lg font-medium\"\u001b[39m\n              \u001b[36m>\u001b[39m\n                \u001b[0m1\u001b[0m\n                \u001b[0m / \u001b[0m\n                \u001b[0m2\u001b[0m\n              \u001b[36m</p>\u001b[39m\n            \u001b[36m</div>\u001b[39m\n            \u001b[36m<div\u001b[39m\n              \u001b[33mclass\u001b[39m=\u001b[32m\"mt-4 p-3 bg-red-50 border border-red-200 rounded-lg\"\u001b[39m\n            \u001b[36m>\u001b[39m\n              \u001b[36m<div\u001b[39m\n                \u001b[33mclass\u001b[39m=\u001b[32m\"flex items-center\"\u001b[39m\n              \u001b[36m>\u001b[39m\n                \u001b[36m<p\u001b[39m\n                  \u001b[33mclass\u001b[39m=\u001b[32m\"text-red-700 text-sm font-medium\"\u001b[39m\n                \u001b[36m>\u001b[39m\n                  \u001b[0mFailed to cancel shift. Please try again.\u001b[0m\n                \u001b[36m</p>\u001b[39m\n              \u001b[36m</div>\u001b[39m\n            \u001b[36m</div>\u001b[39m\n            \u001b[36m<div\u001b[39m\n              \u001b[33mclass\u001b[39m=\u001b[32m\"mt-6 flex justify-end gap-4\"\u001b[39m\n            \u001b[36m>\u001b[39m\n              \u001b[36m<button\u001b[39m\n                \u001b[33mclass\u001b[39m=\u001b[32m\"bg-primary-blue text-white px-4 py-2 rounded-lg hover:opacity-80 transition-colors\"\u001b[39m\n              \u001b[36m>\u001b[39m\n                \u001b[0mEdit\u001b[0m\n              \u001b[36m</button>\u001b[39m\n              \u001b[36m<button\u001b[39m\n                \u001b[33mclass\u001b[39m=\u001b[32m\"bg-red-dark text-white px-4 py-2 rounded-lg hover:bg-red transition-colors \"\u001b[39m\n              \u001b[36m>\u001b[39m\n                \u001b[0mCancel\u001b[0m\n              \u001b[36m</button>\u001b[39m\n            \u001b[36m</div>\u001b[39m\n          \u001b[36m</div>\u001b[39m\n        \u001b[36m</div>\u001b[39m\n      \u001b[36m</div>\u001b[39m\n    \u001b[36m</div>\u001b[39m\n  \u001b[36m</div>\u001b[39m\n\u001b[36m</body>\u001b[39m\n    at Proxy.waitForWrapper (/Users/WongKang/Documents/esc_project/optistaff-main/node_modules/@testing-library/dom/dist/wait-for.js:163:27)\n    at /Users/WongKang/Documents/esc_project/optistaff-main/tests/integration/uc8/ClientCancelShift.test.tsx:231:11\n    at file:///Users/WongKang/Documents/esc_project/optistaff-main/node_modules/@vitest/runner/dist/chunk-hooks.js:752:20"],"meta":{}},{"ancestorTitles":["UC8 Shift Cancellation Integration Test Suite"],"fullName":"UC8 Shift Cancellation Integration Test Suite Handles API errors during cancellation gracefully","status":"passed","title":"Handles API errors during cancellation gracefully","duration":18.255249999999705,"failureMessages":[],"meta":{}},{"ancestorTitles":["UC8 Shift Cancellation Integration Test Suite"],"fullName":"UC8 Shift Cancellation Integration Test Suite Allows multiple shift cancellations in sequence","status":"passed","title":"Allows multiple shift cancellations in sequence","duration":33.86304199999995,"failureMessages":[],"meta":{}},{"ancestorTitles":["UC8 Shift Cancellation Integration Test Suite"],"fullName":"UC8 Shift Cancellation Integration Test Suite Maintains shift filtering during cancellation workflow","status":"passed","title":"Maintains shift filtering during cancellation workflow","duration":63.860499999999774,"failureMessages":[],"meta":{}},{"ancestorTitles":["UC8 Shift Cancellation Integration Test Suite"],"fullName":"UC8 Shift Cancellation Integration Test Suite Handles cancellation during different week views","status":"passed","title":"Handles cancellation during different week views","duration":30.541957999999795,"failureMessages":[],"meta":{}},{"ancestorTitles":["UC8 Shift Cancellation Integration Test Suite"],"fullName":"UC8 Shift Cancellation Integration Test Suite Verifies complete UC8 workflow end-to-end","status":"failed","title":"Verifies complete UC8 workflow end-to-end","duration":19.146624999999858,"failureMessages":["AssertionError: expected \"spy\" to be called 1 times, but got 2 times\n    at /Users/WongKang/Documents/esc_project/optistaff-main/tests/integration/uc8/ClientCancelShift.test.tsx:437:31\n    at file:///Users/WongKang/Documents/esc_project/optistaff-main/node_modules/@vitest/runner/dist/chunk-hooks.js:752:20"],"meta":{}}],"startTime":1755070692031,"endTime":1755070693333.1467,"status":"failed","message":"","name":"/Users/WongKang/Documents/esc_project/optistaff-main/tests/integration/uc8/ClientCancelShift.test.tsx"}]}